[    0.000000] Initializing cgroup subsys cpuset
[    0.000000] Initializing cgroup subsys cpu
[    0.000000] Initializing cgroup subsys cpuacct
[    0.000000] Linux version 4.4.0-121-generic (buildd@lcy01-amd64-004) (gcc version 5.4.0 20160609 (Ubuntu 5.4.0-6ubuntu1~16.04.9) ) #145-Ubuntu SMP Fri Apr 13 13:47:23 UTC 2018 (Ubuntu 4.4.0-121.145-generic 4.4.117)
[    0.000000] Command line: BOOT_IMAGE=/boot/vmlinuz-4.4.0-121-generic root=LABEL=cloudimg-rootfs ro console=tty1 console=ttyS0
[    0.000000] KERNEL supported cpus:
[    0.000000]   Intel GenuineIntel
[    0.000000]   AMD AuthenticAMD
[    0.000000]   Centaur CentaurHauls
[    0.000000] x86/fpu: xstate_offset[2]:  576, xstate_sizes[2]:  256
[    0.000000] x86/fpu: Supporting XSAVE feature 0x01: 'x87 floating point registers'
[    0.000000] x86/fpu: Supporting XSAVE feature 0x02: 'SSE registers'
[    0.000000] x86/fpu: Supporting XSAVE feature 0x04: 'AVX registers'
[    0.000000] x86/fpu: Enabled xstate features 0x7, context size is 832 bytes, using 'standard' format.
[    0.000000] x86/fpu: Using 'lazy' FPU context switches.
[    0.000000] e820: BIOS-provided physical RAM map:
[    0.000000] BIOS-e820: [mem 0x0000000000000000-0x000000000009fbff] usable
[    0.000000] BIOS-e820: [mem 0x000000000009fc00-0x000000000009ffff] reserved
[    0.000000] BIOS-e820: [mem 0x00000000000f0000-0x00000000000fffff] reserved
[    0.000000] BIOS-e820: [mem 0x0000000000100000-0x000000003ffeffff] usable
[    0.000000] BIOS-e820: [mem 0x000000003fff0000-0x000000003fffffff] ACPI data
[    0.000000] BIOS-e820: [mem 0x00000000fec00000-0x00000000fec00fff] reserved
[    0.000000] BIOS-e820: [mem 0x00000000fee00000-0x00000000fee00fff] reserved
[    0.000000] BIOS-e820: [mem 0x00000000fffc0000-0x00000000ffffffff] reserved
[    0.000000] NX (Execute Disable) protection: active
[    0.000000] SMBIOS 2.5 present.
[    0.000000] Hypervisor detected: KVM
[    0.000000] e820: last_pfn = 0x3fff0 max_arch_pfn = 0x400000000
[    0.000000] MTRR: Disabled
[    0.000000] x86/PAT: MTRRs disabled, skipping PAT initialization too.
[    0.000000] CPU MTRRs all blank - virtualized system.
[    0.000000] x86/PAT: Configuration [0-7]: WB  WT  UC- UC  WB  WT  UC- UC  
[    0.000000] found SMP MP-table at [mem 0x0009fff0-0x0009ffff] mapped at [ffff88000009fff0]
[    0.000000] Scanning 1 areas for low memory corruption
[    0.000000] RAMDISK: [mem 0x36aba000-0x37554fff]
[    0.000000] ACPI: Early table checksum verification disabled
[    0.000000] ACPI: RSDP 0x00000000000E0000 000024 (v02 VBOX  )
[    0.000000] ACPI: XSDT 0x000000003FFF0030 00003C (v01 VBOX   VBOXXSDT 00000001 ASL  00000061)
[    0.000000] ACPI: FACP 0x000000003FFF00F0 0000F4 (v04 VBOX   VBOXFACP 00000001 ASL  00000061)
[    0.000000] ACPI: DSDT 0x000000003FFF0470 00210F (v01 VBOX   VBOXBIOS 00000002 INTL 20100528)
[    0.000000] ACPI: FACS 0x000000003FFF0200 000040
[    0.000000] ACPI: FACS 0x000000003FFF0200 000040
[    0.000000] ACPI: APIC 0x000000003FFF0240 00005C (v02 VBOX   VBOXAPIC 00000001 ASL  00000061)
[    0.000000] ACPI: SSDT 0x000000003FFF02A0 0001CC (v01 VBOX   VBOXCPUT 00000002 INTL 20100528)
[    0.000000] No NUMA configuration found
[    0.000000] Faking a node at [mem 0x0000000000000000-0x000000003ffeffff]
[    0.000000] NODE_DATA(0) allocated [mem 0x3ffeb000-0x3ffeffff]
[    0.000000] kvm-clock: Using msrs 4b564d01 and 4b564d00
[    0.000000] kvm-clock: cpu 0, msr 0:3ffe3001, primary cpu clock
[    0.000000] kvm-clock: using sched offset of 22020548720 cycles
[    0.000000] clocksource: kvm-clock: mask: 0xffffffffffffffff max_cycles: 0x1cd42e4dffb, max_idle_ns: 881590591483 ns
[    0.000000] Zone ranges:
[    0.000000]   DMA      [mem 0x0000000000001000-0x0000000000ffffff]
[    0.000000]   DMA32    [mem 0x0000000001000000-0x000000003ffeffff]
[    0.000000]   Normal   empty
[    0.000000]   Device   empty
[    0.000000] Movable zone start for each node
[    0.000000] Early memory node ranges
[    0.000000]   node   0: [mem 0x0000000000001000-0x000000000009efff]
[    0.000000]   node   0: [mem 0x0000000000100000-0x000000003ffeffff]
[    0.000000] Initmem setup node 0 [mem 0x0000000000001000-0x000000003ffeffff]
[    0.000000] ACPI: PM-Timer IO Port: 0x4008
[    0.000000] IOAPIC[0]: apic_id 2, version 32, address 0xfec00000, GSI 0-23
[    0.000000] ACPI: INT_SRC_OVR (bus 0 bus_irq 0 global_irq 2 dfl dfl)
[    0.000000] ACPI: INT_SRC_OVR (bus 0 bus_irq 9 global_irq 9 high level)
[    0.000000] Using ACPI (MADT) for SMP configuration information
[    0.000000] smpboot: Allowing 2 CPUs, 0 hotplug CPUs
[    0.000000] PM: Registered nosave memory: [mem 0x00000000-0x00000fff]
[    0.000000] PM: Registered nosave memory: [mem 0x0009f000-0x0009ffff]
[    0.000000] PM: Registered nosave memory: [mem 0x000a0000-0x000effff]
[    0.000000] PM: Registered nosave memory: [mem 0x000f0000-0x000fffff]
[    0.000000] e820: [mem 0x40000000-0xfebfffff] available for PCI devices
[    0.000000] Booting paravirtualized kernel on KVM
[    0.000000] clocksource: refined-jiffies: mask: 0xffffffff max_cycles: 0xffffffff, max_idle_ns: 7645519600211568 ns
[    0.000000] setup_percpu: NR_CPUS:512 nr_cpumask_bits:512 nr_cpu_ids:2 nr_node_ids:1
[    0.000000] PERCPU: Embedded 34 pages/cpu @ffff88003fc00000 s99544 r8192 d31528 u1048576
[    0.000000] PV qspinlock hash table entries: 256 (order: 0, 4096 bytes)
[    0.000000] Built 1 zonelists in Node order, mobility grouping on.  Total pages: 257912
[    0.000000] Policy zone: DMA32
[    0.000000] Kernel command line: BOOT_IMAGE=/boot/vmlinuz-4.4.0-121-generic root=LABEL=cloudimg-rootfs ro console=tty1 console=ttyS0
[    0.000000] PID hash table entries: 4096 (order: 3, 32768 bytes)
[    0.000000] Memory: 1001664K/1048120K available (8532K kernel code, 1313K rwdata, 3996K rodata, 1508K init, 1316K bss, 46456K reserved, 0K cma-reserved)
[    0.000000] SLUB: HWalign=64, Order=0-3, MinObjects=0, CPUs=2, Nodes=1
[    0.000000] Kernel/User page tables isolation: enabled
[    0.000000] Hierarchical RCU implementation.
[    0.000000] 	Build-time adjustment of leaf fanout to 64.
[    0.000000] 	RCU restricting CPUs from NR_CPUS=512 to nr_cpu_ids=2.
[    0.000000] RCU: Adjusting geometry for rcu_fanout_leaf=64, nr_cpu_ids=2
[    0.000000] NR_IRQS:33024 nr_irqs:440 16
[    0.000000] Console: colour VGA+ 80x25
[    0.000000] console [tty1] enabled
[    0.000000] console [ttyS0] enabled
[    0.000000] tsc: Detected 1696.076 MHz processor
[    9.974738] Calibrating delay loop (skipped) preset value.. 3392.15 BogoMIPS (lpj=6784304)
[   10.063158] pid_max: default: 32768 minimum: 301
[   10.123873] ACPI: Core revision 20150930
[   10.174137] ACPI: 2 ACPI AML tables successfully acquired and loaded
[   10.260453] Security Framework initialized
[   10.326620] Yama: becoming mindful.
[   10.390001] AppArmor: AppArmor initialized
[   10.463478] Dentry cache hash table entries: 131072 (order: 8, 1048576 bytes)
[   10.626423] Inode-cache hash table entries: 65536 (order: 7, 524288 bytes)
[   10.731394] Mount-cache hash table entries: 2048 (order: 2, 16384 bytes)
[   10.844572] Mountpoint-cache hash table entries: 2048 (order: 2, 16384 bytes)
[   10.928051] Initializing cgroup subsys io
[   10.971582] Initializing cgroup subsys memory
[   11.031567] Initializing cgroup subsys devices
[   11.081284] Initializing cgroup subsys freezer
[   11.150773] Initializing cgroup subsys net_cls
[   11.192552] Initializing cgroup subsys perf_event
[   11.254687] Initializing cgroup subsys net_prio
[   11.332575] Initializing cgroup subsys hugetlb
[   11.380340] Initializing cgroup subsys pids
[   11.430520] CPU: Physical Processor ID: 0
[   11.479498] CPU: Processor Core ID: 0
[   11.523125] FEATURE SPEC_CTRL Not Present
[   11.568820] mce: CPU supports 0 MCE banks
[   11.639312] Last level iTLB entries: 4KB 1024, 2MB 1024, 4MB 1024
[   11.764936] Last level dTLB entries: 4KB 1024, 2MB 1024, 4MB 1024, 1GB 4
[   11.880077] Spectre V2 mitigation: Mitigation: Full generic retpoline
[   11.954938] Spectre V2 mitigation: Speculation control IBPB not-supported IBRS not-supported
[   12.158336] Freeing SMP alternatives memory: 32K
[   12.702598] ftrace: allocating 32202 entries in 126 pages
[   14.330331] smpboot: APIC(0) Converting physical 0 to logical package 0
[   14.431103] smpboot: Max logical packages: 1
[   14.513452] x2apic enabled
[   14.573839] Switched APIC routing to physical x2apic.
[   14.723573] ..TIMER: vector=0x30 apic1=0 pin1=2 apic2=-1 pin2=-1
[   14.903576] smpboot: CPU0: Intel(R) Core(TM) i3-4010U CPU @ 1.70GHz (family: 0x6, model: 0x45, stepping: 0x1)
[   15.028944] Performance Events: unsupported p6 CPU model 69 no PMU driver, software events only.
[   15.173389] KVM setup paravirtual spinlock
[   15.233428] x86: Booting SMP configuration:
[   15.280105] .... node  #0, CPUs:      #1
[   15.332646] kvm-clock: cpu 1, msr 0:3ffe3041, secondary cpu clock
[   15.427859] mce: CPU supports 0 MCE banks
[   15.464830] x86: Booted up 1 node, 2 CPUs
[   15.534742] smpboot: Total of 2 processors activated (6784.30 BogoMIPS)
[   15.618784] devtmpfs: initialized
[   15.679581] evm: security.selinux
[   15.734421] evm: security.SMACK64
[   15.787921] evm: security.SMACK64EXEC
[   15.858350] evm: security.SMACK64TRANSMUTE
[   15.915241] evm: security.SMACK64MMAP
[   15.983259] evm: security.ima
[   16.028549] evm: security.capability
[   16.094775] clocksource: jiffies: mask: 0xffffffff max_cycles: 0xffffffff, max_idle_ns: 7645041785100000 ns
[   16.223574] futex hash table entries: 512 (order: 3, 32768 bytes)
[   16.287049] pinctrl core: initialized pinctrl subsystem
[   16.350374] RTC time:  4:00:24, date: 05/30/18
[   16.406796] NET: Registered protocol family 16
[   16.468766] cpuidle: using governor ladder
[   16.526691] cpuidle: using governor menu
[   16.569967] PCCT header not found.
[   16.613161] ACPI: bus type PCI registered
[   16.687127] acpiphp: ACPI Hot Plug PCI Controller Driver version: 0.5
[   16.760887] PCI: Using configuration type 1 for base access
[   16.844870] ACPI: Added _OSI(Module Device)
[   16.891209] ACPI: Added _OSI(Processor Device)
[   16.941494] ACPI: Added _OSI(3.0 _SCP Extensions)
[   16.981970] ACPI: Added _OSI(Processor Aggregator Device)
[   17.042662] ACPI: Executed 1 blocks of module-level executable AML code
[   17.135888] ACPI: Interpreter enabled
[   17.194160] ACPI: (supports S0 S5)
[   17.234808] ACPI: Using IOAPIC for interrupt routing
[   17.283650] PCI: Using host bridge windows from ACPI; if necessary, use "pci=nocrs" and report a bug
[   17.429451] ACPI: PCI Root Bridge [PCI0] (domain 0000 [bus 00-ff])
[   17.506562] acpi PNP0A03:00: _OSC: OS supports [ASPM ClockPM Segments MSI]
[   17.598961] acpi PNP0A03:00: _OSC failed (AE_NOT_FOUND); disabling ASPM
[   17.670069] acpi PNP0A03:00: fail to add MMCONFIG information, can't access extended PCI configuration space under this bridge.
[   17.796007] PCI host bridge to bus 0000:00
[   17.841440] pci_bus 0000:00: root bus resource [io  0x0000-0x0cf7 window]
[   17.911633] pci_bus 0000:00: root bus resource [io  0x0d00-0xffff window]
[   17.975840] pci_bus 0000:00: root bus resource [mem 0x000a0000-0x000bffff window]
[   18.067125] pci_bus 0000:00: root bus resource [mem 0x40000000-0xffdfffff window]
[   18.146179] pci_bus 0000:00: root bus resource [bus 00-ff]
[   18.288152] pci 0000:00:01.1: legacy IDE quirk: reg 0x10: [io  0x01f0-0x01f7]
[   18.364283] pci 0000:00:01.1: legacy IDE quirk: reg 0x14: [io  0x03f6]
[   18.428803] pci 0000:00:01.1: legacy IDE quirk: reg 0x18: [io  0x0170-0x0177]
[   18.489434] pci 0000:00:01.1: legacy IDE quirk: reg 0x1c: [io  0x0376]
[   19.372053] pci 0000:00:07.0: quirk: [io  0x4000-0x403f] claimed by PIIX4 ACPI
[   19.454186] pci 0000:00:07.0: quirk: [io  0x4100-0x410f] claimed by PIIX4 SMB
[   19.660386] ACPI: PCI Interrupt Link [LNKA] (IRQs 5 9 10 *11)
[   19.764128] ACPI: PCI Interrupt Link [LNKB] (IRQs 5 9 10 *11)
[   19.862898] ACPI: PCI Interrupt Link [LNKC] (IRQs 5 9 *10 11)
[   19.964673] ACPI: PCI Interrupt Link [LNKD] (IRQs 5 *9 10 11)
[   20.086389] ACPI: Enabled 2 GPEs in block 00 to 07
[   20.157227] vgaarb: setting as boot device: PCI:0000:00:02.0
[   20.214233] vgaarb: device added: PCI:0000:00:02.0,decodes=io+mem,owns=io+mem,locks=none
[   20.300029] vgaarb: loaded
[   20.336148] vgaarb: bridge control possible 0000:00:02.0
[   20.392955] SCSI subsystem initialized
[   20.440977] ACPI: bus type USB registered
[   20.483121] usbcore: registered new interface driver usbfs
[   20.549679] usbcore: registered new interface driver hub
[   20.608388] usbcore: registered new device driver usb
[   20.682600] PCI: Using ACPI for IRQ routing
[   20.743222] NetLabel: Initializing
[   20.781503] NetLabel:  domain hash size = 128
[   20.828712] NetLabel:  protocols = UNLABELED CIPSOv4
[   20.882260] NetLabel:  unlabeled traffic allowed by default
[   20.947304] amd_nb: Cannot enumerate AMD northbridges
[   21.004908] clocksource: Switched to clocksource kvm-clock
[   21.116057] AppArmor: AppArmor Filesystem Enabled
[   21.169607] pnp: PnP ACPI init
[   21.270766] pnp: PnP ACPI: found 3 devices
[   21.335699] clocksource: acpi_pm: mask: 0xffffff max_cycles: 0xffffff, max_idle_ns: 2085701024 ns
[   21.446355] NET: Registered protocol family 2
[   21.505313] TCP established hash table entries: 8192 (order: 4, 65536 bytes)
[   21.599391] TCP bind hash table entries: 8192 (order: 5, 131072 bytes)
[   21.683267] TCP: Hash tables configured (established 8192 bind 8192)
[   21.758914] UDP hash table entries: 512 (order: 2, 16384 bytes)
[   21.820814] UDP-Lite hash table entries: 512 (order: 2, 16384 bytes)
[   21.888352] NET: Registered protocol family 1
[   21.936037] pci 0000:00:00.0: Limiting direct PCI/PCI transfers
[   21.993149] pci 0000:00:01.0: Activating ISA DMA hang workarounds
[   22.065824] Unpacking initramfs...
[   31.037617] Freeing initrd memory: 10860K
[   31.087740] RAPL PMU detected, API unit is 2^-32 Joules, 4 fixed counters 10737418240 ms ovfl timer
[   31.176511] hw unit of domain pp0-core 2^-0 Joules
[   31.220205] hw unit of domain package 2^-0 Joules
[   31.265616] hw unit of domain dram 2^-0 Joules
[   31.315492] hw unit of domain pp1-gpu 2^-0 Joules
[   31.361820] platform rtc_cmos: registered platform RTC device (no PNP device found)
[   31.447862] Scanning for low memory corruption every 60 seconds
[   31.511184] audit: initializing netlink subsys (disabled)
[   31.567346] audit: type=2000 audit(1527652846.293:1): initialized
[   31.636691] Initialise system trusted keyring
[   31.688408] HugeTLB registered 2 MB page size, pre-allocated 0 pages
[   31.757273] zbud: loaded
[   31.791437] VFS: Disk quotas dquot_6.6.0
[   31.833489] VFS: Dquot-cache hash table entries: 512 (order 0, 4096 bytes)
[   31.900085] squashfs: version 4.0 (2009/01/31) Phillip Lougher
[   31.989048] fuse init (API version 7.23)
[   32.051192] Key type big_key registered
[   32.118114] Allocating IMA MOK and blacklist keyrings.
[   32.195193] Key type asymmetric registered
[   32.240104] Asymmetric key parser 'x509' registered
[   32.286195] Block layer SCSI generic (bsg) driver version 0.4 loaded (major 249)
[   32.367477] io scheduler noop registered
[   32.409332] io scheduler deadline registered (default)
[   32.463025] io scheduler cfq registered
[   32.499929] pci_hotplug: PCI Hot Plug PCI Core version: 0.5
[   32.557648] pciehp: PCI Express Hot Plug Controller Driver version: 0.4
[   32.619486] ACPI: AC Adapter [AC] (on-line)
[   32.663785] input: Power Button as /devices/LNXSYSTM:00/LNXPWRBN:00/input/input0
[   32.734517] ACPI: Power Button [PWRF]
[   32.779810] input: Sleep Button as /devices/LNXSYSTM:00/LNXSLPBN:00/input/input1
[   32.857093] ACPI: Sleep Button [SLPF]
[   32.904331] GHES: HEST is not enabled!
[   32.921738] ACPI: Battery Slot [BAT0] (battery present)
[   33.010427] Serial: 8250/16550 driver, 32 ports, IRQ sharing enabled
[   33.235528] 00:02: ttyS0 at I/O 0x3f8 (irq = 4, base_baud = 115200) is a 16550A
[   33.342600] Linux agpgart interface v0.103
[   33.402738] loop: module loaded
[   33.458406] scsi host0: ata_piix
[   33.499422] scsi host1: ata_piix
[   33.545625] ata1: PATA max UDMA/33 cmd 0x1f0 ctl 0x3f6 bmdma 0xd000 irq 14
[   33.610425] ata2: PATA max UDMA/33 cmd 0x170 ctl 0x376 bmdma 0xd008 irq 15
[   33.677075] libphy: Fixed MDIO Bus: probed
[   33.729774] tun: Universal TUN/TAP device driver, 1.6
[   33.785116] tun: (C) 1999-2004 Max Krasnyansky <maxk@qualcomm.com>
[   33.837097] PPP generic driver version 2.4.2
[   33.875270] ehci_hcd: USB 2.0 'Enhanced' Host Controller (EHCI) Driver
[   33.930888] ehci-pci: EHCI PCI platform driver
[   33.970356] ehci-platform: EHCI generic platform driver
[   34.015751] ohci_hcd: USB 1.1 'Open' Host Controller (OHCI) Driver
[   34.070859] ohci-pci: OHCI PCI platform driver
[   34.116432] ohci-platform: OHCI generic platform driver
[   34.171412] uhci_hcd: USB Universal Host Controller Interface driver
[   34.237959] i8042: PNP: PS/2 Controller [PNP0303:PS2K,PNP0f03:PS2M] at 0x60,0x64 irq 1,12
[   34.342886] serio: i8042 KBD port at 0x60,0x64 irq 1
[   34.421107] serio: i8042 AUX port at 0x60,0x64 irq 12
[   34.480150] mousedev: PS/2 mouse device common for all mice
[   34.552951] rtc_cmos rtc_cmos: rtc core: registered rtc_cmos as rtc0
[   34.618708] input: AT Translated Set 2 keyboard as /devices/platform/i8042/serio0/input/input2
[   34.700699] rtc_cmos rtc_cmos: alarms up to one day, 114 bytes nvram
[   34.761798] i2c /dev entries driver
[   34.802276] device-mapper: uevent: version 1.0.3
[   34.851484] device-mapper: ioctl: 4.34.0-ioctl (2015-10-28) initialised: dm-devel@redhat.com
[   34.939772] ledtrig-cpu: registered to indicate activity on CPUs
[   35.004484] NET: Registered protocol family 10
[   35.071919] NET: Registered protocol family 17
[   35.121263] Key type dns_resolver registered
[   35.186676] registered taskstats version 1
[   35.231830] Loading compiled-in X.509 certificates
[   35.431441] Loaded X.509 cert 'Build time autogenerated kernel key: 1980cda84f1f26b64be4db6155d00e7fd6d05190'
[   36.052799] zswap: loaded using pool lzo/zbud
[   36.111426] Key type trusted registered
[   36.192313] Key type encrypted registered
[   36.236539] AppArmor: AppArmor sha1 policy hashing enabled
[   36.292138] ima: No TPM chip found, activating TPM-bypass!
[   36.347616] evm: HMAC attrs: 0x1
[   36.409624]   Magic number: 2:631:10
[   36.447111] rtc_cmos rtc_cmos: setting system clock to 2018-05-30 04:00:44 UTC (1527652844)
[   36.529310] BIOS EDD facility v0.16 2004-Jun-25, 0 devices found
[   36.581217] EDD information not available.
[   37.016470] Freeing unused kernel memory: 1508K
[   37.216026] Write protecting the kernel read-only data: 14336k
[   37.287662] Freeing unused kernel memory: 1696K
[   37.335431] Freeing unused kernel memory: 100K
Loading, please wait...
starting version[   37.495544] random: udevadm: uninitialized urandom read (16 bytes read, 7 bits of entropy available)
 229
[   37.567823] random: systemd-udevd: uninitialized urandom read (16 bytes read, 7 bits of entropy available)
[   37.568374] random: systemd-udevd: uninitialized urandom read (16 bytes read, 7 bits of entropy available)
[   37.568412] random: systemd-udevd: uninitialized urandom read (16 bytes read, 7 bits of entropy available)
[   37.568452] random: systemd-udevd: uninitialized urandom read (16 bytes read, 7 bits of entropy available)
[   38.087329] random: udevadm: uninitialized urandom read (16 bytes read, 7 bits of entropy available)
[   38.263079] random: systemd-udevd: uninitialized urandom read (16 bytes read, 7 bits of entropy available)
[   38.286212] random: udevadm: uninitialized urandom read (16 bytes read, 7 bits of entropy available)
[   38.286327] random: udevadm: uninitialized urandom read (16 bytes read, 7 bits of entropy available)
[   38.287317] random: udevadm: uninitialized urandom read (16 bytes read, 7 bits of entropy available)
[   38.988778] Fusion MPT base driver 3.04.20
[   39.044934] Copyright (c) 1999-2008 LSI Corporation
[   39.274979] e1000: Intel(R) PRO/1000 Network Driver - version 7.3.21-k8-NAPI
[   39.344496] e1000: Copyright (c) 1999-2006 Intel Corporation.
[   39.550904] AVX version of gcm_enc/dec engaged.
[   39.613964] AES CTR mode by8 optimization enabled
[   39.688736] input: ImExPS/2 Generic Explorer Mouse as /devices/platform/i8042/serio1/input/input4
[   39.826763] Fusion MPT SPI Host driver 3.04.20
[   44.200780] e1000 0000:00:03.0 eth0: (PCI:33MHz:32-bit) 02:c5:21:46:7d:cc
[   44.259976] e1000 0000:00:03.0 eth0: Intel(R) PRO/1000 Network Connection
[   44.344780] mptbase: ioc0: Initiating bringup
[   44.348284] e1000 0000:00:03.0 enp0s3: renamed from eth0
[   44.581630] ioc0: LSI53C1030 A0: Capabilities={Initiator}
[   44.874455] scsi host2: ioc0: LSI53C1030 A0, FwRev=00000000h, Ports=1, MaxQ=256, IRQ=20
[   45.103133] scsi 2:0:0:0: Direct-Access     VBOX     HARDDISK         1.0  PQ: 0 ANSI: 5
[   45.226642] scsi target2:0:0: Beginning Domain Validation
[   45.299596] scsi target2:0:0: Domain Validation skipping write tests
[   45.357427] scsi target2:0:0: Ending Domain Validation
[   45.605222] scsi target2:0:0: asynchronous
[   45.662273] scsi 2:0:1:0: Direct-Access     VBOX     HARDDISK         1.0  PQ: 0 ANSI: 5
[   45.737918] scsi target2:0:1: Beginning Domain Validation
[   46.281429] scsi target2:0:1: Domain Validation skipping write tests
[   46.352226] scsi target2:0:1: Ending Domain Validation
[   46.406503] scsi target2:0:1: asynchronous
[   46.558762] sd 2:0:0:0: [sda] 20971520 512-byte logical blocks: (10.7 GB/10.0 GiB)
[   46.639946] sd 2:0:0:0: Attached scsi generic sg0 type 0
[   46.699021] sd 2:0:1:0: Attached scsi generic sg1 type 0
[   46.757707] sd 2:0:0:0: [sda] Write Protect is off
[   46.758475] sd 2:0:1:0: [sdb] 20480 512-byte logical blocks: (10.5 MB/10.0 MiB)
[   46.895377] sd 2:0:0:0: [sda] Incomplete mode parameter data
[   46.953436] sd 2:0:0:0: [sda] Assuming drive cache: write through
[   47.015317] sd 2:0:1:0: [sdb] Write Protect is off
[   47.043986]  sda: sda1
[   47.055264] sd 2:0:0:0: [sda] Attached SCSI disk
[   47.164787] sd 2:0:1:0: [sdb] Incomplete mode parameter data
[   47.229057] sd 2:0:1:0: [sdb] Assuming drive cache: write through
[   47.344623] sd 2:0:1:0: [sdb] Attached SCSI disk
Begin: Loading essential drivers ... [   63.123867] md: linear personality registered for level -1
[   63.211455] md: multipath personality registered for level -4
[   63.291436] md: raid0 personality registered for level 0
[   63.386790] md: raid1 personality registered for level 1
[   63.587122] raid6: sse2x1   gen()   997 MB/s
[   63.761387] raid6: sse2x1   xor()   870 MB/s
[   63.945705] raid6: sse2x2   gen()  1195 MB/s
[   64.061613] raid6: sse2x2   xor()   867 MB/s
[   64.209173] raid6: sse2x4   gen()  1909 MB/s
[   64.329840] raid6: sse2x4   xor()  1506 MB/s
[   64.386785] raid6: using algorithm sse2x4 gen() 1909 MB/s
[   64.442333] raid6: .... xor() 1506 MB/s, rmw enabled
[   64.498596] raid6: using ssse3x2 recovery algorithm
[   64.580772] xor: automatically using best checksumming function:
[   64.689642]    avx       :  4177.000 MB/sec
[   64.756088] async_tx: api initialized (async)
[   64.873013] md: raid6 personality registered for level 6
[   64.925274] md: raid5 personality registered for level 5
[   64.978783] md: raid4 personality registered for level 4
[   65.103530] md: raid10 personality registered for level 10
done.
Begin: Running /scripts/init-premount ... done.
Begin: Mounting root file system ... Begin: Running /scripts/local-top ... done.
Begin: Running /scripts/local-premount ... [   65.647700] Btrfs loaded
Scanning for Btrfs filesystems
done.
Warning: fsck not present, so skipping root file system
[   66.144499] EXT4-fs (sda1): mounted filesystem with ordered data mode. Opts: (null)
done.
Begin: Running /scripts/local-bottom ... done.
Begin: Running /scripts/init-bottom ... [   66.961663] random: nonblocking pool is initialized
done.
[   68.146566] systemd[1]: systemd 229 running in system mode. (+PAM +AUDIT +SELINUX +IMA +APPARMOR +SMACK +SYSVINIT +UTMP +LIBCRYPTSETUP +GCRYPT +GNUTLS +ACL +XZ -LZ4 +SECCOMP +BLKID +ELFUTILS +KMOD -IDN)
[   68.288471] systemd[1]: Detected virtualization oracle.
[   68.331457] systemd[1]: Detected architecture x86-64.

Welcome to [1mUbuntu 16.04.4 LTS[0m!

[   68.464161] systemd[1]: Set hostname to <ubuntu>.
[   68.526750] systemd[1]: Initializing machine ID from random generator.
[   68.581637] systemd[1]: Installed transient /etc/machine-id file.
[   70.337408] systemd[1]: Listening on LVM2 poll daemon socket.
[[0;32m  OK  [0m] Listening on LVM2 poll daemon socket.
[   70.457083] systemd[1]: Set up automount Arbitrary Executable File Formats File System Automount Point.
[[0;32m  OK  [0m] Set up automount Arbitrary Executab...ats File System Automount Point.
[   70.639100] systemd[1]: Started Trigger resolvconf update for networkd DNS.
[[0;32m  OK  [0m] Started Trigger resolvconf update for networkd DNS.
[   70.763461] systemd[1]: Reached target Encrypted Volumes.
[[0;32m  OK  [0m] Reached target Encrypted Volumes.
[   70.879160] systemd[1]: Listening on LVM2 metadata daemon socket.
[[0;32m  OK  [0m] Listening on LVM2 metadata daemon socket.
[   70.992430] systemd[1]: Listening on Journal Socket (/dev/log).
[[0;32m  OK  [0m] Listening on Journal Socket (/dev/log).
[   71.139764] systemd[1]: Listening on Syslog Socket.
[[0;32m  OK  [0m] Listening on Syslog Socket.
[   71.226679] systemd[1]: Reached target Swap.
[[0;32m  OK  [0m] Reached target Swap.
[   71.304053] systemd[1]: Listening on Journal Socket.
[[0;32m  OK  [0m] Listening on Journal Socket.
[   71.405955] systemd[1]: Listening on udev Kernel Socket.
[[0;32m  OK  [0m] Listening on udev Kernel Socket.
[   71.554081] systemd[1]: Listening on /dev/initctl Compatibility Named Pipe.
[[0;32m  OK  [0m] Listening on /dev/initctl Compatibility Named Pipe.
[   71.709111] systemd[1]: Reached target System Time Synchronized.
[[0;32m  OK  [0m] Reached target System Time Synchronized.
[   71.839102] systemd[1]: Listening on Journal Audit Socket.
[[0;32m  OK  [0m] Listening on Journal Audit Socket.
[   71.946063] systemd[1]: Listening on udev Control Socket.
[[0;32m  OK  [0m] Listening on udev Control Socket.
[   72.096965] systemd[1]: Created slice User and Session Slice.
[[0;32m  OK  [0m] Created slice User and Session Slice.
[   72.204077] systemd[1]: Started Forward Password Requests to Wall Directory Watch.
[[0;32m  OK  [0m] Started Forward Password Requests to Wall Directory Watch.
[   72.342487] systemd[1]: Reached target User and Group Name Lookups.
[[0;32m  OK  [0m] Reached target User and Group Name Lookups.
[   72.473933] systemd[1]: Created slice System Slice.
[[0;32m  OK  [0m] Created slice System Slice.
[   72.605868] systemd[1]: Mounting Debug File System...
         Mounting Debug File System...
[   72.717716] systemd[1]: Mounting Huge Pages File System...
         Mounting Huge Pages File System...
[   72.842049] systemd[1]: Starting Remount Root and Kernel File Systems...
[   72.885977] EXT4-fs (sda1): re-mounted. Opts: (null)
         Starting Remount Root and Kernel File Systems...
[   73.086348] systemd[1]: Starting Uncomplicated firewall...
         Starting Uncomplicated firewall...
[   73.230023] systemd[1]: Starting Nameserver information manager...
         Starting Nameserver information manager...
[   73.376199] systemd[1]: Reached target Slices.
[[0;32m  OK  [0m] Reached target Slices.
[   73.486769] systemd[1]: Starting Set console keymap...
         Starting Set console keymap...
[   73.673843] systemd[1]: Starting Load Kernel Modules...
         Starting Load Kernel Modules...
[   73.793049] systemd[1]: Starting Journal Service...
         Starting Journal Service...
[   73.928590] systemd[1]: Mounting POSIX Message Queue File System...
         Mounting POSIX Message Queue File System...
[   74.074275] Loading iSCSI transport class v2.0-870.
[   74.132755] systemd[1]: Starting Create list of required static device nodes for the current kernel...
         Starting Create list of required st... nodes for the current kernel...
[   74.320592] systemd[1]: Created slice system-serial\x2dgetty.slice.
[[0;32m  OK  [0m] Created slice system-serial\x2dgetty.slice.
[   74.482253] iscsi: registered transport (tcp)
[   74.485805] systemd[1]: Listening on Device-mapper event daemon FIFOs.
[[0;32m  OK  [0m] Listening on Device-mapper event daemon FIFOs.
[   74.730468] systemd[1]: Starting Monitoring of LVM2 mirrors, snapshots etc. using dmeventd or progress polling...
         Starting Monitoring of LVM2 mirrors... dmeventd or progress polling...
[   75.012621] systemd[1]: Mounted Huge Pages File System.
[[0;32m  OK  [0m] Mounted Huge Pages File System.
[   75.151934] systemd[1]: Mounted Debug File System.
[[0;32m  OK  [0m] Mounted Debug File System.
[   75.288038] systemd[1]: Mounted POSIX Message Queue File System.
[[0;32m  OK  [0m] Mounted POSIX Message Queue File System.
[   75.434032] systemd[1]: Started Journal Service.
[   75.511248] iscsi: registered transport (iser)
[[0;32m  OK  [0m] Started Journal Service.
[[0;32m  OK  [0m] Started Remount Root and Kernel File Systems.
[[0;32m  OK  [0m] Started Uncomplicated firewall.
[[0;32m  OK  [0m] Started Set console keymap.
[[0;32m  OK  [0m] Started Load Kernel Modules.
[[0;32m  OK  [0m] Started Create list of required sta...ce nodes for the current kernel.
[[0;32m  OK  [0m] Started Nameserver information manager.
[[0;32m  OK  [0m] Started LVM2 metadata daemon.
         Starting Create Static Device Nodes in /dev...
         Mounting FUSE Control File System...
         Starting Apply Kernel Variables...
         Starting udev Coldplug all Devices...
         Starting Initial cloud-init job (pre-networking)...
         Starting Load/Save Random Seed...
         Starting Flush Journal to Persistent Storage...
[[0;32m  OK  [0m] Mounted FUSE Control File System.
[[0;32m  OK  [0m] Started Monitoring of LVM2 mirrors,...ng dmeventd or progress polling.
[[0;32m  OK  [0m] Started Create Static Device Nodes in /dev.
[[0;32m  OK  [0m] Started Apply Kernel Variables.
[[0;32m  OK  [0m] Started Load/Save Random Seed.
[[0;32m  OK  [0m] Started udev Coldplug all Devices.
[[0;32m  OK  [0m] Started Flush Journal to Persistent Storage.
         Starting udev Kernel Device Manager...
[[0;32m  OK  [0m] Started udev Kernel Device Manager.
[[0;32m  OK  [0m] Started Dispatch Password Requests to Console Directory Watch.
[[0;32m  OK  [0m] Reached target Local File Systems (Pre).
[[0;32m  OK  [0m] Reached target Local File Systems.
         Starting Set console font and keymap...
         Starting LSB: AppArmor initialization...
         Starting Create Volatile Files and Directories...
         Starting Tell Plymouth To Write Out Runtime Data...
         Starting Commit a transient machine-id on disk...
[[0;32m  OK  [0m] Started Create Volatile Files and Directories.
[[0;32m  OK  [0m] Started Tell Plymouth To Write Out Runtime Data.
[[0;32m  OK  [0m] Started Commit a transient machine-id on disk.
         Starting Update UTMP about System Boot/Shutdown...
[[0;32m  OK  [0m] Started Update UTMP about System Boot/Shutdown.
[   73.259960] [[0;32m  OK  [0m] Started LSB: AppArmor initialization.
cloud-init[448]: Cloud-init v. 18.2 running 'init-local' at Wed, 30 May 2018 04:01:35 +0000. Up 70.31 seconds.
[[0;32m  OK  [0m] Found device /dev/ttyS0.
[[0;32m  OK  [0m] Started Initial cloud-init job (pre-networking).
[[0;32m  OK  [0m] Listening on Load/Save RF Kill Switch Status /dev/rfkill Watch.
[[0;32m  OK  [0m] Reached target Network (Pre).
         Starting Raise network interfaces...
[[0m[0;31m*     [0m] (1 of 2) A start job is running for...font and keymap (56s / no limit)[K[[0;32m  OK  [0m] Started Set console font and keymap.
[[0;32m  OK  [0m] Created slice system-getty.slice.
[[0;32m  OK  [0m] Started Raise network interfaces.
[[0;32m  OK  [0m] Reached target Network.
         Starting Initial cloud-init job (metadata service crawler)...
[  118.346590] cloud-init[929]: Cloud-init v. 18.2 running 'init' at Wed, 30 May 2018 04:02:18 +0000. Up 112.97 seconds.
[  118.464203] cloud-init[929]: ci-info: +++++++++++++++++++++++++++++++++++++Net device info++++++++++++++++++++++++++++++++++++++
[[0;32m  OK  [0m] Started Initial cloud-init job (metadata service crawler).
[  118.594826] cloud-init[929]: ci-info: +--------+------+----------------------------+---------------+-------+-------------------+
[  118.786417] cloud-init[929]: ci-info: | Device |  Up  |          Address           |      Mask     | Scope |     Hw-Address    |
[  118.796458] cloud-init[929]: ci-info: +--------+------+----------------------------+---------------+-------+-------------------+
[  118.796899] cloud-init[929]: ci-info: | enp0s3 | True |         10.0.2.15          | 255.255.255.0 |   .   | 02:c5:21:46:7d:cc |
[  118.797315] cloud-init[929]: ci-info: | enp0s3 | True | fe80::c5:21ff:fe46:7dcc/64 |       .       |  link | 02:c5:21:46:7d:cc |
[  118.797766] cloud-init[929]: ci-info: |   lo   | True |         127.0.0.1          |   255.0.0.0   |   .   |         .         |
[  118.797915] cloud-init[929]: ci-info: |   lo   | True |          ::1/128           |       .       |  host |         .         |
[  118.798332] cloud-init[929]: ci-info: +--------+------+----------------------------+---------------+-------+-------------------+
[  118.798499] cloud-init[929]: ci-info: +++++++++++++++++++++++++++Route IPv4 info++++++++++++++++++++++++++++
[  118.798902] cloud-init[929]: ci-info: +-------+-------------+----------+---------------+-----------+-------+
[  118.799301] cloud-init[929]: ci-info: | Route | Destination | Gateway  |    Genmask    | Interface | Flags |
[  118.799439] cloud-init[929]: ci-info: +-------+-------------+----------+---------------+-----------+-------+
[  118.799834] cloud-init[929]: ci-info: |   0   |   0.0.0.0   | 10.0.2.2 |    0.0.0.0    |   enp0s3  |   UG  |
[  118.799993] cloud-init[929]: ci-info: |   1   |   10.0.2.0  | 0.0.0.0  | 255.255.255.0 |   enp0s3  |   U   |
[  118.800866] cloud-init[929]: ci-info: +-------+-------------+----------+---------------+-----------+-------+
[  118.801285] cloud-init[929]: Generating public/private rsa key pair.
[  118.801424] cloud-init[929]: Your identification has been saved in /etc/ssh/ssh_host_rsa_key.
[  118.801850] cloud-init[929]: Your public key has been saved in /etc/ssh/ssh_host_rsa_key.pub.
[  118.802257] cloud-init[929]: The key fingerprint is:
[  118.802420] cloud-init[929]: SHA256:CSY/gUYVSgbXfuMHqxgMpk9eLhx6usvz0s9DdXBxYP8 root@ubuntu-xenial
[[0;32m  OK  [0m[  118.814862] cloud-init[929]: The key's randomart image is:
[  118.861465] cloud-init[929]: +---[RSA 2048]----+
] Reached target System Initialization.
[[  118.861941] cloud-init[929]: |  ..=oo. +o.     |
[  123.633484] cloud-init[929]: |   = o....o      |
[  123.633938] cloud-init[929]: |    =.+ o  .     |
[  123.681106] cloud-init[929]: |  o. +.++o  .    |
[  123.681554] cloud-init[929]: | o o  +oS+   E   |
[  123.681973] cloud-init[929]: |. o +. .o .      |
[0;32m  OK  [0m] Listening on ACPID Listen Socket.
[  123.690114] cloud-init[929]: | *.+.o . .       |
         Starting Socket activation for snappy daemon.
[  123.954454] cloud-init[929]: |oo*.+..          |
[  124.055645] cloud-init[929]: |+*+o.o.          |
[  124.094303] cloud-init[929]: +----[SHA256]-----+
[  124.123806] cloud-init[929]: Generating public/private dsa key pair.
[  124.124771] cloud-init[929]: Your identification has been saved in /etc/ssh/ssh_host_dsa_key.
[  124.125238] cloud-init[929]: Your public key has been saved in /etc/ssh/ssh_host_dsa_key.pub.
[  124.142202] cloud-init[929]: The key fingerprint is:
[  124.142360] cloud-init[929]: SHA256:U8ypi8gzjVFqov2LX/yH5guK447b/cu73tGOF0aQcB8 root@ubuntu-xenial
[  124.142771] cloud-init[929]: The key's randomart image is:
[  124.143179] cloud-init[929]: +---[DSA 1024]----+
[  124.143321] cloud-init[929]: |      ....E      |
[  124.143721] cloud-init[929]: |       .o+ o     |
[  124.143860] cloud-init[929]: |      .  .*      |
[  124.144281] cloud-init[929]: |     o   o.      |
[  124.144986] cloud-init[929]: |  . +   S.       |
[  124.145129] cloud-init[929]: | o + * . +o      |
[  124.145266] cloud-init[929]: |. . * * oo..     |
[  124.145655] cloud-init[929]: | o.= * +o+o      |
[  124.145803] cloud-init[929]: |o+*o*+B**+.      |
[  124.146211] cloud-init[929]: +----[SHA256]-----+
[  124.146348] cloud-init[929]: Generating public/private ecdsa key pair.
[  124.146753] cloud-init[929]: Your identification has been saved in /etc/ssh/ssh_host_ecdsa_key.
[  124.199900] cloud-init[929]: Your public key has been saved in /etc/ssh/ssh_host_ecdsa_key.pub.
         Starting LXD - unix socket.
[[0;32m  OK  [0m] Started Daily Cleanup of Temporary Directories.[  124.208637] cloud-init[929]: The key fingerprint is:
[  125.901487] cloud-init[929]: SHA256:PEOmDSP9vMI0NxruBHqsdSz66t0OjjMxhUq9rl0poIE root@ubuntu-xenial
[  125.945054] cloud-init[929]: The key's randomart image is:
[  125.945472] cloud-init[929]: +---[ECDSA 256]---+
[  125.968041] cloud-init[929]: |                 |
[  125.968937] cloud-init[929]: |     .           |
[  126.042005] cloud-init[929]: |  ... + o        |
[  126.058691] cloud-init[929]: |...... @         |
[  126.059155] cloud-init[929]: |Eo .o = S        |
[  126.059585] cloud-init[929]: |o.++ *.= =       |
[  126.060423] cloud-init[929]: |. o+*oO .        |
[  126.060590] cloud-init[929]: |  +XoB .         |
[  126.060992] cloud-init[929]: | oB*+.+          |
[  126.061136] cloud-init[929]: +----[SHA256]-----+
[  126.061988] cloud-init[929]: Generating public/private ed25519 key pair.
[  126.062140] cloud-init[929]: Your identification has been saved in /etc/ssh/ssh_host_ed25519_key.
[  126.062522] cloud-init[929]: Your public key has been saved in /etc/ssh/ssh_host_ed25519_key.pub.
[  126.062663] cloud-init[929]: The key fingerprint is:
[  126.063558] cloud-init[929]: SHA256:PvKRKtNLAXFQzXbTtFAf+UOejuymZ8A/6j4Qv9Gz+94 root@ubuntu-xenial
[  126.063701] cloud-init[929]: The key's randomart image is:
[  126.064118] cloud-init[929]: +--[ED25519 256]--+
[  126.076515] cloud-init[929]: |    oooo  .+o .. |
[  126.079569] cloud-init[929]: |     o  + o..o.o |
[  126.131335] cloud-init[929]: |    .  . . .. +..|
[  126.170680] cloud-init[929]: |     .   .     +.|
[  126.170864] cloud-init[929]: |      . S + o o .|
[  126.171272] cloud-init[929]: |       o o = = . |
[  126.253824] cloud-init[929]: |     .o = . * o  |
[  126.284322] cloud-init[929]: |    o..+ o o O  .|
[  126.292814] cloud-init[929]: |     oo.. o=B.=oE|
[  126.319390] cloud-init[929]: +----[SHA256]-----+

[[0;32m  OK  [0m] Listening on UUID daemon activation socket.
[[0;32m  OK  [0m] Started Daily apt download activities.
[[0;32m  OK  [0m] Started Daily apt upgrade and clean activities.
[[0;32m  OK  [0m] Reached target Timers.
[[0;32m  OK  [0m] Started ACPI Events Check.
[[0;32m  OK  [0m] Reached target Paths.
[[0;32m  OK  [0m] Listening on D-Bus System Message Bus Socket.
[[0;32m  OK  [0m] Reached target Network is Online.
         Starting iSCSI initiator daemon (iscsid)...
[[0;32m  OK  [0m] Reached target Cloud-config availability.
[[0;32m  OK  [0m] Listening on Socket activation for snappy daemon.
[[0;32m  OK  [0m] Listening on LXD - unix socket.
[[0;32m  OK  [0m] Reached target Sockets.
[[0;32m  OK  [0m] Reached target Basic System.
[[0;32m  OK  [0m] Started Deferred execution scheduler.
         Starting Apply the settings specified in cloud-config...
         Starting /etc/rc.local Compatibility...
         Starting Snappy daemon...
[[0;32m  OK  [0m] Started D-Bus System Message Bus.
         Starting Virtualbox guest utils...
         Starting Pollinate to seed the pseudo random number generator...
[[0;32m  OK  [0m] Started ACPI event daemon.
         Starting Login Service...
         Starting LSB: Record successful boot for GRUB...
[[0;32m  OK  [0m] Started FUSE filesystem for LXC.
[[0;32m  OK  [0m] Started Unattended Upgrades Shutdown.
         Starting LSB: MD monitoring daemon...
[[0;32m  OK  [0m] Started Regular background program processing daemon.
         Starting LXD - container startup/shutdown...
         Starting Accounts Service...
         Starting System Logging Service...
[[0;32m  OK  [0m] Started iSCSI initiator daemon (iscsid).
[[0;32m  OK  [0m] Started /etc/rc.local Compatibility.
         Starting Login to default iSCSI targets...
[[0;32m  OK  [0m] Started Login Service.
[[0;32m  OK  [0m] Started System Logging Service.
[[0;32m  OK  [0m] Started LSB: Record successful boot for GRUB.
[[0;32m  OK  [0m] Started Snappy daemon.
[[0;32m  OK  [0m] Started LSB: MD monitoring daemon.
[[0;32m  OK  [0m] Started Login to default iSCSI targets.
[[0;32m  OK  [0m] Reached target Remote File Systems (Pre).
[[0;32m  OK  [0m] Reached target Remote File Systems.
         Starting LSB: automatic crash report generation...
         Starting Permit User Sessions...
         Starting LSB: daemon to balance interrupts for SMP systems...
         Starting LSB: Set the CPU Frequency Scaling governor to "ondemand"...
[[0;32m  OK  [0m] Started Permit User Sessions.
[[0;32m  OK  [0m] Started Virtualbox guest utils.
         Starting Authenticate and Authorize Users to Run Privileged Tasks...
         Starting Hold until boot process finishes up...
         Starting Terminate Plymouth Boot Screen...
[[0;32m  OK  [0m] Started LXD - container startup/shutdown.
[[0;32m  OK  [0m] Started LSB: automatic crash report generation.
[[0;32m  OK  [0m] Started LSB: daemon to balance interrupts for SMP systems.
[[0;32m  OK  [0m] Started LSB: Set the CPU Frequency Scaling governor to "ondemand".
[[0;32m  OK  [0m] Started Hold until boot process finishes up.
[[0;32m  OK  [0m] Started Terminate Plymouth Boot Screen.
[[0;32m  OK  [0m] Started Authenticate and Authorize Users to Run Privileged Tasks.
[[0;32m  OK  [0m] Started Accounts Service.
[[0;32m  OK  [0m] Started Getty on tty1.
         Starting Set console scheme...
[[0;32m  OK  [0m] Started Serial Getty on ttyS0.
[  135.100722] cloud-init[1031]: Generating locales (this might take a while)...
[[0;32m  OK  [0m] Reached target Login Prompts.
[[0;32m  OK  [0m] Started Pollinate to seed the pseudo random number generator.
[[0;32m  OK  [0m] Started Set console scheme.
         Starting OpenBSD Secure Shell server...
[[0;32m  OK  [0m] Started OpenBSD Secure Shell server.
[[0;32m  OK  [0m] Reached target Multi-User System.
[[0;32m  OK  [0m] Reached target Graphical Interface.
         Starting Update UTMP about System Runlevel Changes...
[[0;32m  OK  [0m] Started Update UTMP about System Runlevel Changes.
[  141.342983] cloud-init[1031]:   en_US.UTF-8... done
[  141.421562] cloud-init[1031]: Generation complete.

Ubuntu 16.04.4 LTS ubuntu-xenial ttyS0

ubuntu-xenial login: [  144.566789] cloud-init[1031]: Cloud-init v. 18.2 running 'modules:config' at Wed, 30 May 2018 04:02:38 +0000. Up 133.06 seconds.
ci-info: no authorized ssh keys fingerprints found for user ubuntu.
<14>May 30 04:02:54 ec2: 
<14>May 30 04:02:54 ec2: #############################################################
<14>May 30 04:02:54 ec2: -----BEGIN SSH HOST KEY FINGERPRINTS-----
<14>May 30 04:02:54 ec2: 1024 SHA256:U8ypi8gzjVFqov2LX/yH5guK447b/cu73tGOF0aQcB8 root@ubuntu-xenial (DSA)
<14>May 30 04:02:54 ec2: 256 SHA256:PEOmDSP9vMI0NxruBHqsdSz66t0OjjMxhUq9rl0poIE root@ubuntu-xenial (ECDSA)
<14>May 30 04:02:54 ec2: 256 SHA256:PvKRKtNLAXFQzXbTtFAf+UOejuymZ8A/6j4Qv9Gz+94 root@ubuntu-xenial (ED25519)
<14>May 30 04:02:54 ec2: 2048 SHA256:CSY/gUYVSgbXfuMHqxgMpk9eLhx6usvz0s9DdXBxYP8 root@ubuntu-xenial (RSA)
<14>May 30 04:02:54 ec2: -----END SSH HOST KEY FINGERPRINTS-----
<14>May 30 04:02:54 ec2: #############################################################
-----BEGIN SSH HOST KEY KEYS-----
ecdsa-sha2-nistp256 AAAAE2VjZHNhLXNoYTItbmlzdHAyNTYAAAAIbmlzdHAyNTYAAABBBDC1WHWWcnMbFYiarIm96Tondp22lZ7G15P/GZqGTSAqCb6ngfEiU01hoGs4TVgeI4OOE4LtI1otTPBpA7lmQO8= root@ubuntu-xenial
ssh-ed25519 AAAAC3NzaC1lZDI1NTE5AAAAIFCUglOEte5yBs/sEQNGNPp2IZOf9C+eHYo2PS+5n1YU root@ubuntu-xenial
ssh-rsa AAAAB3NzaC1yc2EAAAADAQABAAABAQDlYKuTUXwfIGMUYx9rNRCcphakhGKgg6VzrRfkBIcwApQFVw9vX/pVoyHg/9Dr46Y9JXs6Gu34cTGmgpt4jov5wwBuMP19PzkpfQDRkGar9ZvHhrl/xqyu4z0KMJK1pWu26iCaFBPDRrOgYdvloG9Xhqrwgjykoy2yTR9b4YezKy5bmyngnZGfLWcyvEpv38YA9GZEBVOdn1icqPVfDxiJskm+4/CmRJpJuRRNmxeF9ZqTHqftsl3Yrljht/A00eIGu0Zu42IlR9tkbVk31muVzAC+ck7HSZzW23itf7D4n3Oms+Kb+2LLsWmyWGHyCTlkepxtnJCDswqagmduAj5v root@ubuntu-xenial
-----END SSH HOST KEY KEYS-----
[  149.765668] cloud-init[1295]: Cloud-init v. 18.2 running 'modules:final' at Wed, 30 May 2018 04:02:52 +0000. Up 146.79 seconds.
[  149.766619] cloud-init[1295]: ci-info: no authorized ssh keys fingerprints found for user ubuntu.
[  149.766889] cloud-init[1295]: Cloud-init v. 18.2 finished at Wed, 30 May 2018 04:02:54 +0000. Datasource DataSourceNoCloud [seed=/dev/sdb][dsmode=net].  Up 148.80 seconds
