[    0.000000] Initializing cgroup subsys cpuset
[    0.000000] Initializing cgroup subsys cpu
[    0.000000] Initializing cgroup subsys cpuacct
[    0.000000] Linux version 4.4.0-121-generic (buildd@lcy01-amd64-004) (gcc version 5.4.0 20160609 (Ubuntu 5.4.0-6ubuntu1~16.04.9) ) #145-Ubuntu SMP Fri Apr 13 13:47:23 UTC 2018 (Ubuntu 4.4.0-121.145-generic 4.4.117)
[    0.000000] Command line: BOOT_IMAGE=/boot/vmlinuz-4.4.0-121-generic root=LABEL=cloudimg-rootfs ro console=tty1 console=ttyS0
[    0.000000] KERNEL supported cpus:
[    0.000000]   Intel GenuineIntel
[    0.000000]   AMD AuthenticAMD
[    0.000000]   Centaur CentaurHauls
[    0.000000] x86/fpu: xstate_offset[2]:  576, xstate_sizes[2]:  256
[    0.000000] x86/fpu: Supporting XSAVE feature 0x01: 'x87 floating point registers'
[    0.000000] x86/fpu: Supporting XSAVE feature 0x02: 'SSE registers'
[    0.000000] x86/fpu: Supporting XSAVE feature 0x04: 'AVX registers'
[    0.000000] x86/fpu: Enabled xstate features 0x7, context size is 832 bytes, using 'standard' format.
[    0.000000] x86/fpu: Using 'lazy' FPU context switches.
[    0.000000] e820: BIOS-provided physical RAM map:
[    0.000000] BIOS-e820: [mem 0x0000000000000000-0x000000000009fbff] usable
[    0.000000] BIOS-e820: [mem 0x000000000009fc00-0x000000000009ffff] reserved
[    0.000000] BIOS-e820: [mem 0x00000000000f0000-0x00000000000fffff] reserved
[    0.000000] BIOS-e820: [mem 0x0000000000100000-0x000000003ffeffff] usable
[    0.000000] BIOS-e820: [mem 0x000000003fff0000-0x000000003fffffff] ACPI data
[    0.000000] BIOS-e820: [mem 0x00000000fec00000-0x00000000fec00fff] reserved
[    0.000000] BIOS-e820: [mem 0x00000000fee00000-0x00000000fee00fff] reserved
[    0.000000] BIOS-e820: [mem 0x00000000fffc0000-0x00000000ffffffff] reserved
[    0.000000] NX (Execute Disable) protection: active
[    0.000000] SMBIOS 2.5 present.
[    0.000000] Hypervisor detected: KVM
[    0.000000] e820: last_pfn = 0x3fff0 max_arch_pfn = 0x400000000
[    0.000000] MTRR: Disabled
[    0.000000] x86/PAT: MTRRs disabled, skipping PAT initialization too.
[    0.000000] CPU MTRRs all blank - virtualized system.
[    0.000000] x86/PAT: Configuration [0-7]: WB  WT  UC- UC  WB  WT  UC- UC  
[    0.000000] found SMP MP-table at [mem 0x0009fff0-0x0009ffff] mapped at [ffff88000009fff0]
[    0.000000] Scanning 1 areas for low memory corruption
[    0.000000] RAMDISK: [mem 0x36aba000-0x37554fff]
[    0.000000] ACPI: Early table checksum verification disabled
[    0.000000] ACPI: RSDP 0x00000000000E0000 000024 (v02 VBOX  )
[    0.000000] ACPI: XSDT 0x000000003FFF0030 00003C (v01 VBOX   VBOXXSDT 00000001 ASL  00000061)
[    0.000000] ACPI: FACP 0x000000003FFF00F0 0000F4 (v04 VBOX   VBOXFACP 00000001 ASL  00000061)
[    0.000000] ACPI: DSDT 0x000000003FFF0470 00210F (v01 VBOX   VBOXBIOS 00000002 INTL 20100528)
[    0.000000] ACPI: FACS 0x000000003FFF0200 000040
[    0.000000] ACPI: FACS 0x000000003FFF0200 000040
[    0.000000] ACPI: APIC 0x000000003FFF0240 00005C (v02 VBOX   VBOXAPIC 00000001 ASL  00000061)
[    0.000000] ACPI: SSDT 0x000000003FFF02A0 0001CC (v01 VBOX   VBOXCPUT 00000002 INTL 20100528)
[    0.000000] No NUMA configuration found
[    0.000000] Faking a node at [mem 0x0000000000000000-0x000000003ffeffff]
[    0.000000] NODE_DATA(0) allocated [mem 0x3ffeb000-0x3ffeffff]
[    0.000000] kvm-clock: Using msrs 4b564d01 and 4b564d00
[    0.000000] kvm-clock: cpu 0, msr 0:3ffe3001, primary cpu clock
[    0.000000] kvm-clock: using sched offset of 16508573687 cycles
[    0.000000] clocksource: kvm-clock: mask: 0xffffffffffffffff max_cycles: 0x1cd42e4dffb, max_idle_ns: 881590591483 ns
[    0.000000] Zone ranges:
[    0.000000]   DMA      [mem 0x0000000000001000-0x0000000000ffffff]
[    0.000000]   DMA32    [mem 0x0000000001000000-0x000000003ffeffff]
[    0.000000]   Normal   empty
[    0.000000]   Device   empty
[    0.000000] Movable zone start for each node
[    0.000000] Early memory node ranges
[    0.000000]   node   0: [mem 0x0000000000001000-0x000000000009efff]
[    0.000000]   node   0: [mem 0x0000000000100000-0x000000003ffeffff]
[    0.000000] Initmem setup node 0 [mem 0x0000000000001000-0x000000003ffeffff]
[    0.000000] ACPI: PM-Timer IO Port: 0x4008
[    0.000000] IOAPIC[0]: apic_id 2, version 32, address 0xfec00000, GSI 0-23
[    0.000000] ACPI: INT_SRC_OVR (bus 0 bus_irq 0 global_irq 2 dfl dfl)
[    0.000000] ACPI: INT_SRC_OVR (bus 0 bus_irq 9 global_irq 9 high level)
[    0.000000] Using ACPI (MADT) for SMP configuration information
[    0.000000] smpboot: Allowing 2 CPUs, 0 hotplug CPUs
[    0.000000] PM: Registered nosave memory: [mem 0x00000000-0x00000fff]
[    0.000000] PM: Registered nosave memory: [mem 0x0009f000-0x0009ffff]
[    0.000000] PM: Registered nosave memory: [mem 0x000a0000-0x000effff]
[    0.000000] PM: Registered nosave memory: [mem 0x000f0000-0x000fffff]
[    0.000000] e820: [mem 0x40000000-0xfebfffff] available for PCI devices
[    0.000000] Booting paravirtualized kernel on KVM
[    0.000000] clocksource: refined-jiffies: mask: 0xffffffff max_cycles: 0xffffffff, max_idle_ns: 7645519600211568 ns
[    0.000000] setup_percpu: NR_CPUS:512 nr_cpumask_bits:512 nr_cpu_ids:2 nr_node_ids:1
[    0.000000] PERCPU: Embedded 34 pages/cpu @ffff88003fc00000 s99544 r8192 d31528 u1048576
[    0.000000] PV qspinlock hash table entries: 256 (order: 0, 4096 bytes)
[    0.000000] Built 1 zonelists in Node order, mobility grouping on.  Total pages: 257912
[    0.000000] Policy zone: DMA32
[    0.000000] Kernel command line: BOOT_IMAGE=/boot/vmlinuz-4.4.0-121-generic root=LABEL=cloudimg-rootfs ro console=tty1 console=ttyS0
[    0.000000] PID hash table entries: 4096 (order: 3, 32768 bytes)
[    0.000000] Memory: 1001664K/1048120K available (8532K kernel code, 1313K rwdata, 3996K rodata, 1508K init, 1316K bss, 46456K reserved, 0K cma-reserved)
[    0.000000] SLUB: HWalign=64, Order=0-3, MinObjects=0, CPUs=2, Nodes=1
[    0.000000] Kernel/User page tables isolation: enabled
[    0.000000] Hierarchical RCU implementation.
[    0.000000] 	Build-time adjustment of leaf fanout to 64.
[    0.000000] 	RCU restricting CPUs from NR_CPUS=512 to nr_cpu_ids=2.
[    0.000000] RCU: Adjusting geometry for rcu_fanout_leaf=64, nr_cpu_ids=2
[    0.000000] NR_IRQS:33024 nr_irqs:440 16
[    0.000000] Console: colour VGA+ 80x25
[    0.000000] console [tty1] enabled
[    0.000000] console [ttyS0] enabled
[    0.000000] tsc: Detected 1696.076 MHz processor
[    5.129147] Calibrating delay loop (skipped) preset value.. 3392.15 BogoMIPS (lpj=6784304)
[    5.204733] pid_max: default: 32768 minimum: 301
[    5.243312] ACPI: Core revision 20150930
[    5.279113] ACPI: 2 ACPI AML tables successfully acquired and loaded
[    5.334891] Security Framework initialized
[    5.369076] Yama: becoming mindful.
[    5.401047] AppArmor: AppArmor initialized
[    5.436806] Dentry cache hash table entries: 131072 (order: 8, 1048576 bytes)
[    5.496085] Inode-cache hash table entries: 65536 (order: 7, 524288 bytes)
[    5.546631] Mount-cache hash table entries: 2048 (order: 2, 16384 bytes)
[    5.595943] Mountpoint-cache hash table entries: 2048 (order: 2, 16384 bytes)
[    5.648594] Initializing cgroup subsys io
[    5.683912] Initializing cgroup subsys memory
[    5.719413] Initializing cgroup subsys devices
[    5.756078] Initializing cgroup subsys freezer
[    5.793573] Initializing cgroup subsys net_cls
[    5.830237] Initializing cgroup subsys perf_event
[    5.868656] Initializing cgroup subsys net_prio
[    5.912582] Initializing cgroup subsys hugetlb
[    5.948622] Initializing cgroup subsys pids
[    5.987103] CPU: Physical Processor ID: 0
[    6.024058] CPU: Processor Core ID: 0
[    6.059583] FEATURE SPEC_CTRL Not Present
[    6.102433] mce: CPU supports 0 MCE banks
[    6.141852] Last level iTLB entries: 4KB 1024, 2MB 1024, 4MB 1024
[    6.193272] Last level dTLB entries: 4KB 1024, 2MB 1024, 4MB 1024, 1GB 4
[    6.243078] Spectre V2 mitigation: Mitigation: Full generic retpoline
[    6.293715] Spectre V2 mitigation: Speculation control IBPB not-supported IBRS not-supported
[    6.415471] Freeing SMP alternatives memory: 32K
[    6.702843] ftrace: allocating 32202 entries in 126 pages
[    7.702676] smpboot: APIC(0) Converting physical 0 to logical package 0
[    7.751041] smpboot: Max logical packages: 1
[    7.797265] x2apic enabled
[    7.852596] Switched APIC routing to physical x2apic.
[    7.959686] ..TIMER: vector=0x30 apic1=0 pin1=2 apic2=-1 pin2=-1
[    8.112705] smpboot: CPU0: Intel(R) Core(TM) i3-4010U CPU @ 1.70GHz (family: 0x6, model: 0x45, stepping: 0x1)
[    8.197419] Performance Events: unsupported p6 CPU model 69 no PMU driver, software events only.
[    8.277506] KVM setup paravirtual spinlock
[    8.316847] x86: Booting SMP configuration:
[    8.354506] .... node  #0, CPUs:      #1
[    8.400056] kvm-clock: cpu 1, msr 0:3ffe3041, secondary cpu clock
[    8.458732] mce: CPU supports 0 MCE banks
[    8.493349] x86: Booted up 1 node, 2 CPUs
[    8.538925] smpboot: Total of 2 processors activated (6784.30 BogoMIPS)
[    8.598643] devtmpfs: initialized
[    8.632244] evm: security.selinux
[    8.663562] evm: security.SMACK64
[    8.695283] evm: security.SMACK64EXEC
[    8.727815] evm: security.SMACK64TRANSMUTE
[    8.764282] evm: security.SMACK64MMAP
[    8.816819] evm: security.ima
[    8.854172] evm: security.capability
[    8.895528] clocksource: jiffies: mask: 0xffffffff max_cycles: 0xffffffff, max_idle_ns: 7645041785100000 ns
[    8.972099] futex hash table entries: 512 (order: 3, 32768 bytes)
[    9.029590] pinctrl core: initialized pinctrl subsystem
[    9.078099] RTC time: 11:59:16, date: 05/29/18
[    9.117364] NET: Registered protocol family 16
[    9.165862] cpuidle: using governor ladder
[    9.221923] cpuidle: using governor menu
[    9.278826] PCCT header not found.
[    9.311294] ACPI: bus type PCI registered
[    9.345771] acpiphp: ACPI Hot Plug PCI Controller Driver version: 0.5
[    9.399082] PCI: Using configuration type 1 for base access
[    9.466428] ACPI: Added _OSI(Module Device)
[    9.504754] ACPI: Added _OSI(Processor Device)
[    9.547360] ACPI: Added _OSI(3.0 _SCP Extensions)
[    9.591736] ACPI: Added _OSI(Processor Aggregator Device)
[    9.658538] ACPI: Executed 1 blocks of module-level executable AML code
[    9.733105] ACPI: Interpreter enabled
[    9.768131] ACPI: (supports S0 S5)
[    9.799411] ACPI: Using IOAPIC for interrupt routing
[    9.841379] PCI: Using host bridge windows from ACPI; if necessary, use "pci=nocrs" and report a bug
[    9.957475] ACPI: PCI Root Bridge [PCI0] (domain 0000 [bus 00-ff])
[   10.006277] acpi PNP0A03:00: _OSC: OS supports [ASPM ClockPM Segments MSI]
[   10.059145] acpi PNP0A03:00: _OSC failed (AE_NOT_FOUND); disabling ASPM
[   10.110756] acpi PNP0A03:00: fail to add MMCONFIG information, can't access extended PCI configuration space under this bridge.
[   10.268774] PCI host bridge to bus 0000:00
[   10.305595] pci_bus 0000:00: root bus resource [io  0x0000-0x0cf7 window]
[   10.357366] pci_bus 0000:00: root bus resource [io  0x0d00-0xffff window]
[   10.410547] pci_bus 0000:00: root bus resource [mem 0x000a0000-0x000bffff window]
[   10.475244] pci_bus 0000:00: root bus resource [mem 0x40000000-0xffdfffff window]
[   10.542470] pci_bus 0000:00: root bus resource [bus 00-ff]
[   10.666450] pci 0000:00:01.1: legacy IDE quirk: reg 0x10: [io  0x01f0-0x01f7]
[   10.726352] pci 0000:00:01.1: legacy IDE quirk: reg 0x14: [io  0x03f6]
[   10.790127] pci 0000:00:01.1: legacy IDE quirk: reg 0x18: [io  0x0170-0x0177]
[   10.855405] pci 0000:00:01.1: legacy IDE quirk: reg 0x1c: [io  0x0376]
[   11.507282] pci 0000:00:07.0: quirk: [io  0x4000-0x403f] claimed by PIIX4 ACPI
[   11.569757] pci 0000:00:07.0: quirk: [io  0x4100-0x410f] claimed by PIIX4 SMB
[   11.767001] ACPI: PCI Interrupt Link [LNKA] (IRQs 5 9 10 *11)
[   11.839703] ACPI: PCI Interrupt Link [LNKB] (IRQs 5 9 10 *11)
[   11.918345] ACPI: PCI Interrupt Link [LNKC] (IRQs 5 9 *10 11)
[   12.007943] ACPI: PCI Interrupt Link [LNKD] (IRQs 5 *9 10 11)
[   12.081309] ACPI: Enabled 2 GPEs in block 00 to 07
[   12.130966] vgaarb: setting as boot device: PCI:0000:00:02.0
[   12.176906] vgaarb: device added: PCI:0000:00:02.0,decodes=io+mem,owns=io+mem,locks=none
[   12.244413] vgaarb: loaded
[   12.272853] vgaarb: bridge control possible 0000:00:02.0
[   12.315746] SCSI subsystem initialized
[   12.351899] ACPI: bus type USB registered
[   12.387850] usbcore: registered new interface driver usbfs
[   12.430896] usbcore: registered new interface driver hub
[   12.472868] usbcore: registered new device driver usb
[   12.515453] PCI: Using ACPI for IRQ routing
[   12.560904] NetLabel: Initializing
[   12.593922] NetLabel:  domain hash size = 128
[   12.631643] NetLabel:  protocols = UNLABELED CIPSOv4
[   12.675425] NetLabel:  unlabeled traffic allowed by default
[   12.719165] amd_nb: Cannot enumerate AMD northbridges
[   12.763095] clocksource: Switched to clocksource kvm-clock
[   12.896262] AppArmor: AppArmor Filesystem Enabled
[   12.948786] pnp: PnP ACPI init
[   12.991447] pnp: PnP ACPI: found 3 devices
[   13.045530] clocksource: acpi_pm: mask: 0xffffff max_cycles: 0xffffff, max_idle_ns: 2085701024 ns
[   13.129078] NET: Registered protocol family 2
[   13.171739] TCP established hash table entries: 8192 (order: 4, 65536 bytes)
[   13.223684] TCP bind hash table entries: 8192 (order: 5, 131072 bytes)
[   13.272275] TCP: Hash tables configured (established 8192 bind 8192)
[   13.318727] UDP hash table entries: 512 (order: 2, 16384 bytes)
[   13.367613] UDP-Lite hash table entries: 512 (order: 2, 16384 bytes)
[   13.453349] NET: Registered protocol family 1
[   13.489893] pci 0000:00:00.0: Limiting direct PCI/PCI transfers
[   13.534647] pci 0000:00:01.0: Activating ISA DMA hang workarounds
[   13.590013] Unpacking initramfs...
[   18.709359] Freeing initrd memory: 10860K
[   18.743066] RAPL PMU detected, API unit is 2^-32 Joules, 4 fixed counters 10737418240 ms ovfl timer
[   18.811114] hw unit of domain pp0-core 2^-0 Joules
[   18.848666] hw unit of domain package 2^-0 Joules
[   18.888612] hw unit of domain dram 2^-0 Joules
[   18.934772] hw unit of domain pp1-gpu 2^-0 Joules
[   18.984171] platform rtc_cmos: registered platform RTC device (no PNP device found)
[   19.058453] Scanning for low memory corruption every 60 seconds
[   19.105716] audit: initializing netlink subsys (disabled)
[   19.148030] audit: type=2000 audit(1527595174.998:1): initialized
[   19.194889] Initialise system trusted keyring
[   19.233440] HugeTLB registered 2 MB page size, pre-allocated 0 pages
[   19.282188] zbud: loaded
[   19.308990] VFS: Disk quotas dquot_6.6.0
[   19.341398] VFS: Dquot-cache hash table entries: 512 (order 0, 4096 bytes)
[   19.391003] squashfs: version 4.0 (2009/01/31) Phillip Lougher
[   19.439545] fuse init (API version 7.23)
[   19.475275] Key type big_key registered
[   19.508315] Allocating IMA MOK and blacklist keyrings.
[   19.576644] Key type asymmetric registered
[   19.611713] Asymmetric key parser 'x509' registered
[   19.650781] Block layer SCSI generic (bsg) driver version 0.4 loaded (major 249)
[   19.714325] io scheduler noop registered
[   19.748178] io scheduler deadline registered (default)
[   19.787625] io scheduler cfq registered
[   19.820050] pci_hotplug: PCI Hot Plug PCI Core version: 0.5
[   19.866381] pciehp: PCI Express Hot Plug Controller Driver version: 0.4
[   19.916371] ACPI: AC Adapter [AC] (off-line)
[   19.954334] input: Power Button as /devices/LNXSYSTM:00/LNXPWRBN:00/input/input0
[   20.016662] ACPI: Power Button [PWRF]
[   20.054642] input: Sleep Button as /devices/LNXSYSTM:00/LNXSLPBN:00/input/input1
[   20.126697] ACPI: Sleep Button [SLPF]
[   20.172731] GHES: HEST is not enabled!
[   20.185388] ACPI: Battery Slot [BAT0] (battery present)
[   20.259040] Serial: 8250/16550 driver, 32 ports, IRQ sharing enabled
[   20.434052] 00:02: ttyS0 at I/O 0x3f8 (irq = 4, base_baud = 115200) is a 16550A
[   20.498272] Linux agpgart interface v0.103
[   20.543062] loop: module loaded
[   20.583122] scsi host0: ata_piix
[   20.614600] scsi host1: ata_piix
[   20.645062] ata1: PATA max UDMA/33 cmd 0x1f0 ctl 0x3f6 bmdma 0xd000 irq 14
[   20.694577] ata2: PATA max UDMA/33 cmd 0x170 ctl 0x376 bmdma 0xd008 irq 15
[   20.744124] libphy: Fixed MDIO Bus: probed
[   20.782835] tun: Universal TUN/TAP device driver, 1.6
[   20.823044] tun: (C) 1999-2004 Max Krasnyansky <maxk@qualcomm.com>
[   20.869313] PPP generic driver version 2.4.2
[   20.907744] ehci_hcd: USB 2.0 'Enhanced' Host Controller (EHCI) Driver
[   20.959866] ehci-pci: EHCI PCI platform driver
[   20.999744] ehci-platform: EHCI generic platform driver
[   21.042030] ohci_hcd: USB 1.1 'Open' Host Controller (OHCI) Driver
[   21.089499] ohci-pci: OHCI PCI platform driver
[   21.128045] ohci-platform: OHCI generic platform driver
[   21.170417] uhci_hcd: USB Universal Host Controller Interface driver
[   21.220695] i8042: PNP: PS/2 Controller [PNP0303:PS2K,PNP0f03:PS2M] at 0x60,0x64 irq 1,12
[   21.325110] serio: i8042 KBD port at 0x60,0x64 irq 1
[   21.369835] serio: i8042 AUX port at 0x60,0x64 irq 12
[   21.410633] mousedev: PS/2 mouse device common for all mice
[   21.472252] input: AT Translated Set 2 keyboard as /devices/platform/i8042/serio0/input/input2
[   21.540305] rtc_cmos rtc_cmos: rtc core: registered rtc_cmos as rtc0
[   21.588979] rtc_cmos rtc_cmos: alarms up to one day, 114 bytes nvram
[   21.638104] i2c /dev entries driver
[   21.669654] device-mapper: uevent: version 1.0.3
[   21.708539] device-mapper: ioctl: 4.34.0-ioctl (2015-10-28) initialised: dm-devel@redhat.com
[   21.773985] ledtrig-cpu: registered to indicate activity on CPUs
[   21.837924] NET: Registered protocol family 10
[   21.935210] NET: Registered protocol family 17
[   22.001335] Key type dns_resolver registered
[   22.037834] registered taskstats version 1
[   22.072822] Loading compiled-in X.509 certificates
[   22.113206] Loaded X.509 cert 'Build time autogenerated kernel key: 1980cda84f1f26b64be4db6155d00e7fd6d05190'
[   22.190794] zswap: loaded using pool lzo/zbud
[   22.272187] Key type trusted registered
[   22.333395] Key type encrypted registered
[   22.370291] AppArmor: AppArmor sha1 policy hashing enabled
[   22.420239] ima: No TPM chip found, activating TPM-bypass!
[   22.474394] evm: HMAC attrs: 0x1
[   22.523703]   Magic number: 2:781:985
[   22.561019] rtc_cmos rtc_cmos: setting system clock to 2018-05-29 11:59:30 UTC (1527595170)
[   22.629470] BIOS EDD facility v0.16 2004-Jun-25, 0 devices found
[   22.676215] EDD information not available.
[   22.729124] Freeing unused kernel memory: 1508K
[   22.767216] Write protecting the kernel read-only data: 14336k
[   22.818480] Freeing unused kernel memory: 1696K
[   22.857366] Freeing unused kernel memory: 100K
Loading, please wait...
starting version 229
[   22.984082] random: systemd-udevd: uninitialized urandom read (16 bytes read, 5 bits of entropy available)
[   22.985621] random: udevadm: uninitialized urandom read (16 bytes read, 5 bits of entropy available)
[   22.985659] random: udevadm: uninitialized urandom read (16 bytes read, 5 bits of entropy available)
[   23.016284] random: udevadm: uninitialized urandom read (16 bytes read, 5 bits of entropy available)
[   23.016365] random: udevadm: uninitialized urandom read (16 bytes read, 5 bits of entropy available)
[   23.016898] random: udevadm: uninitialized urandom read (16 bytes read, 5 bits of entropy available)
[   23.017011] random: udevadm: uninitialized urandom read (16 bytes read, 5 bits of entropy available)
[   23.017115] random: udevadm: uninitialized urandom read (16 bytes read, 5 bits of entropy available)
[   23.017220] random: udevadm: uninitialized urandom read (16 bytes read, 5 bits of entropy available)
[   23.017324] random: udevadm: uninitialized urandom read (16 bytes read, 5 bits of entropy available)
[   23.883890] e1000: Intel(R) PRO/1000 Network Driver - version 7.3.21-k8-NAPI
[   23.887841] Fusion MPT base driver 3.04.20
[   23.887842] Copyright (c) 1999-2008 LSI Corporation
[   24.029780] e1000: Copyright (c) 1999-2006 Intel Corporation.
[   24.128793] Fusion MPT SPI Host driver 3.04.20
[   24.227770] AVX version of gcm_enc/dec engaged.
[   24.274758] AES CTR mode by8 optimization enabled
[   24.799225] input: ImExPS/2 Generic Explorer Mouse as /devices/platform/i8042/serio1/input/input4
[   27.772271] e1000 0000:00:03.0 eth0: (PCI:33MHz:32-bit) 02:c5:21:46:7d:cc
[   27.825607] e1000 0000:00:03.0 eth0: Intel(R) PRO/1000 Network Connection
[   31.471799] e1000 0000:00:08.0 eth1: (PCI:33MHz:32-bit) 08:00:27:23:42:6a
[   31.525135] e1000 0000:00:08.0 eth1: Intel(R) PRO/1000 Network Connection
[   31.587852] mptbase: ioc0: Initiating bringup
[   31.601972] e1000 0000:00:03.0 enp0s3: renamed from eth0
[   31.678282] e1000 0000:00:08.0 enp0s8: renamed from eth1
[   31.946125] ioc0: LSI53C1030 A0: Capabilities={Initiator}
[   34.096817] scsi host2: ioc0: LSI53C1030 A0, FwRev=00000000h, Ports=1, MaxQ=256, IRQ=20
[   35.154795] scsi 2:0:0:0: Direct-Access     VBOX     HARDDISK         1.0  PQ: 0 ANSI: 5
[   35.249162] scsi target2:0:0: Beginning Domain Validation
[   35.307039] scsi target2:0:0: Domain Validation skipping write tests
[   35.405146] scsi target2:0:0: Ending Domain Validation
[   35.464303] scsi target2:0:0: asynchronous
[   35.875516] scsi 2:0:1:0: Direct-Access     VBOX     HARDDISK         1.0  PQ: 0 ANSI: 5
[   35.960815] scsi target2:0:1: Beginning Domain Validation
[   36.018824] scsi target2:0:1: Domain Validation skipping write tests
[   36.068945] scsi target2:0:1: Ending Domain Validation
[   36.109734] scsi target2:0:1: asynchronous
[   36.220415] sd 2:0:0:0: Attached scsi generic sg0 type 0
[   36.264257] sd 2:0:0:0: [sda] 20971520 512-byte logical blocks: (10.7 GB/10.0 GiB)
[   36.266797] sd 2:0:1:0: [sdb] 20480 512-byte logical blocks: (10.5 MB/10.0 MiB)
[   36.269043] sd 2:0:1:0: [sdb] Write Protect is off
[   36.270566] sd 2:0:1:0: [sdb] Incomplete mode parameter data
[   36.270568] sd 2:0:1:0: [sdb] Assuming drive cache: write through
[   36.337820] sd 2:0:1:0: Attached scsi generic sg1 type 0
[   36.361741] sd 2:0:1:0: [sdb] Attached SCSI disk
[   36.639924] sd 2:0:0:0: [sda] Write Protect is off
[   36.696522] sd 2:0:0:0: [sda] Incomplete mode parameter data
[   36.747815] sd 2:0:0:0: [sda] Assuming drive cache: write through
[   36.833591]  sda: sda1
[   36.892510] sd 2:0:0:0: [sda] Attached SCSI disk
Begin: Loading essential drivers ... [   49.090090] md: linear personality registered for level -1
[   49.147066] md: multipath personality registered for level -4
[   49.207582] md: raid0 personality registered for level 0
[   49.265776] md: raid1 personality registered for level 1
[   49.396038] raid6: sse2x1   gen()  3581 MB/s
[   49.499535] raid6: sse2x1   xor()  2591 MB/s
[   49.607792] raid6: sse2x2   gen()  3626 MB/s
[   49.719508] raid6: sse2x2   xor()  3181 MB/s
[   49.823157] raid6: sse2x4   gen()  5334 MB/s
[   49.923277] raid6: sse2x4   xor()  3661 MB/s
[   49.959600] raid6: using algorithm sse2x4 gen() 5334 MB/s
[   50.001460] raid6: .... xor() 3661 MB/s, rmw enabled
[   50.045728] raid6: using ssse3x2 recovery algorithm
[   50.097882] xor: automatically using best checksumming function:
[   50.183155]    avx       :  7687.000 MB/sec
[   50.226492] async_tx: api initialized (async)
[   50.311795] md: raid6 personality registered for level 6
[   50.353848] md: raid5 personality registered for level 5
[   50.396221] md: raid4 personality registered for level 4
[   50.465150] md: raid10 personality registered for level 10
done.
Begin: Running /scripts/init-premount ... done.
Begin: Mounting root file system ... Begin: Running /scripts/local-top ... done.
Begin: Running /scripts/local-premount ... [   50.785697] Btrfs loaded
Scanning for Btrfs filesystems
done.
Warning: fsck not present, so skipping root file system
[   51.027857] EXT4-fs (sda1): mounted filesystem with ordered data mode. Opts: (null)
done.
Begin: Running /scripts/local-bottom ... done.
Begin: Running /scripts/init-bottom ... done.
[   51.958361] random: nonblocking pool is initialized
[   52.887653] systemd[1]: systemd 229 running in system mode. (+PAM +AUDIT +SELINUX +IMA +APPARMOR +SMACK +SYSVINIT +UTMP +LIBCRYPTSETUP +GCRYPT +GNUTLS +ACL +XZ -LZ4 +SECCOMP +BLKID +ELFUTILS +KMOD -IDN)
[   53.019197] systemd[1]: Detected virtualization oracle.
[   53.065181] systemd[1]: Detected architecture x86-64.

Welcome to [1mUbuntu 16.04.4 LTS[0m!

[   53.199108] systemd[1]: Set hostname to <ubuntu>.
[   53.281739] systemd[1]: Initializing machine ID from random generator.
[   53.336132] systemd[1]: Installed transient /etc/machine-id file.
[   55.135578] systemd[1]: Created slice User and Session Slice.
[[0;32m  OK  [0m] Created slice User and Session Slice.
[   55.239646] systemd[1]: Listening on udev Control Socket.
[[0;32m  OK  [0m] Listening on udev Control Socket.
[   55.337804] systemd[1]: Listening on /dev/initctl Compatibility Named Pipe.
[[0;32m  OK  [0m] Listening on /dev/initctl Compatibility Named Pipe.
[   55.450545] systemd[1]: Created slice System Slice.
[[0;32m  OK  [0m] Created slice System Slice.
[   55.550546] systemd[1]: Reached target User and Group Name Lookups.
[[0;32m  OK  [0m] Reached target User and Group Name Lookups.
[   55.685003] systemd[1]: Set up automount Arbitrary Executable File Formats File System Automount Point.
[[0;32m  OK  [0m] Set up automount Arbitrary Executab...ats File System Automount Point.
[   55.828065] systemd[1]: Reached target Swap.
[[0;32m  OK  [0m] Reached target Swap.
[   55.916018] systemd[1]: Listening on Device-mapper event daemon FIFOs.
[[0;32m  OK  [0m] Listening on Device-mapper event daemon FIFOs.
[   56.029703] systemd[1]: Listening on Journal Audit Socket.
[[0;32m  OK  [0m] Listening on Journal Audit Socket.
[   56.133865] systemd[1]: Started Trigger resolvconf update for networkd DNS.
[[0;32m  OK  [0m] Started Trigger resolvconf update for networkd DNS.
[   56.248432] systemd[1]: Reached target Encrypted Volumes.
[[0;32m  OK  [0m] Reached target Encrypted Volumes.
[   56.348017] systemd[1]: Listening on Journal Socket.
[[0;32m  OK  [0m] Listening on Journal Socket.
[   56.456117] systemd[1]: Starting Nameserver information manager...
         Starting Nameserver information manager...
[   56.569626] systemd[1]: Mounting Debug File System...
         Mounting Debug File System...
[   56.655194] systemd[1]: Created slice system-serial\x2dgetty.slice.
[[0;32m  OK  [0m] Created slice system-serial\x2dgetty.slice.
[   56.796543] systemd[1]: Starting Set console keymap...
         Starting Set console keymap...
[   56.901608] systemd[1]: Starting Create list of required static device nodes for the current kernel...
         Starting Create list of required st... nodes for the current kernel...
[   57.032509] systemd[1]: Listening on Syslog Socket.
[[0;32m  OK  [0m] Listening on Syslog Socket.
[   57.130733] systemd[1]: Mounting POSIX Message Queue File System...
         Mounting POSIX Message Queue File System...
[   57.216746] systemd[1]: Started Forward Password Requests to Wall Directory Watch.
[[0;32m  OK  [0m] Started Forward Password Requests to Wall Directory Watch.
[   57.329300] systemd[1]: Reached target Slices.
[[0;32m  OK  [0m] Reached target Slices.
[   57.396075] systemd[1]: Reached target System Time Synchronized.
[[0;32m  OK  [0m] Reached target System Time Synchronized.
[   57.496380] systemd[1]: Starting Uncomplicated firewall...
         Starting Uncomplicated firewall...
[   57.611941] systemd[1]: Starting Load Kernel Modules...
         Starting Load Kernel Modules...
[   57.687937] systemd[1]: Listening on udev Kernel Socket.
[   57.735457] Loading iSCSI transport class v2.0-870.
[[0;32m  OK  [0m] Listening on udev Kernel Socket.
[   57.801567] systemd[1]: Listening on LVM2 poll daemon socket.
[[0;32m  OK  [0m] Listening on LVM2 poll daemon socket.
[   57.917726] iscsi: registered transport (tcp)
[   57.921670] systemd[1]: Listening on LVM2 metadata daemon socket.
[[0;32m  OK  [0m] Listening on LVM2 metadata daemon socket.
[   58.076346] systemd[1]: Starting Monitoring of LVM2 mirrors, snapshots etc. using dmeventd or progress polling...
         Starting Monitoring of LVM2 mirrors... dmeventd or progress polling...
[   58.206994] systemd[1]: Listening on Journal Socket (/dev/log).
[[0;32m  OK  [0m] Listening on Journal Socket (/dev/log).
[   58.316185] systemd[1]: Starting Remount Root and Kernel File Systems...
[   58.375208] EXT4-fs (sda1): re-mounted. Opts: (null)
         Starting Remount Root and Kernel File Systems...
[   58.445054] systemd[1]: Starting Journal Service...
         Starting Journal Service...
[   58.533889] systemd[1]: Mounting Huge Pages File System...
         Mounting Huge Pages File System...
[   58.670159] systemd[1]: Mounted Huge Pages File System.
[[0;32m  OK  [0m] Mounted Huge Pages File System.
[   58.760726] systemd[1]: Mounted Debug File System.
[   58.811885] iscsi: registered transport (iser)
[[0;32m  OK  [0m] Mounted Debug File System.
[   58.866221] systemd[1]: Mounted POSIX Message Queue File System.
[[0;32m  OK  [0m] Mounted POSIX Message Queue File System.
[   58.952520] systemd[1]: Started Journal Service.
[[0;32m  OK  [0m] Started Journal Service.
[[0;32m  OK  [0m] Started Set console keymap.
[[0;32m  OK  [0m] Started Create list of required sta...ce nodes for the current kernel.
[[0;32m  OK  [0m] Started Uncomplicated firewall.
[[0;32m  OK  [0m] Started Load Kernel Modules.
[[0;32m  OK  [0m] Started Remount Root and Kernel File Systems.
[[0;32m  OK  [0m] Started Nameserver information manager.
[[0;32m  OK  [0m] Started LVM2 metadata daemon.
         Starting Load/Save Random Seed...
         Starting Initial cloud-init job (pre-networking)...
         Starting udev Coldplug all Devices...
         Mounting FUSE Control File System...
         Starting Apply Kernel Variables...
         Starting Create Static Device Nodes in /dev...
         Starting Flush Journal to Persistent Storage...
[[0;32m  OK  [0m] Mounted FUSE Control File System.
[[0;32m  OK  [0m] Started Load/Save Random Seed.
[   60.337227] systemd-journald[396]: Received request to flush runtime journal from PID 1
[[0;32m  OK  [0m] Started udev Coldplug all Devices.
[[0;32m  OK  [0m] Started Monitoring of LVM2 mirrors,...ng dmeventd or progress polling.
[[0;32m  OK  [0m] Started Flush Journal to Persistent Storage.
[[0;32m  OK  [0m] Started Apply Kernel Variables.
[[0;32m  OK  [0m] Started Create Static Device Nodes in /dev.
         Starting udev Kernel Device Manager...
[[0;32m  OK  [0m] Started udev Kernel Device Manager.
[[0;32m  OK  [0m] Reached target Local File Systems (Pre).
[[0;32m  OK  [0m] Reached target Local File Systems.
         Starting LSB: AppArmor initialization...
         Starting Commit a transient machine-id on disk...
         Starting Tell Plymouth To Write Out Runtime Data...
         Starting Create Volatile Files and Directories...
         Starting Set console font and keymap...
[[0;32m  OK  [0m] Started Dispatch Password Requests to Console Directory Watch.
[[0;32m  OK  [0m] Started Commit a transient machine-id on disk.
[[0;32m  OK  [0m] Started Tell Plymouth To Write Out Runtime Data.
[[0;32m  OK  [0m] Started Create Volatile Files and Directories.
         Starting Update UTMP about System Boot/Shutdown...
[[0;32m  OK  [0m] Found device /dev/ttyS0.
[[0;32m  OK  [0m] Started Update UTMP about System Boot/Shutdown.
[[0;32m  OK  [0m] Listening on Load/Save RF Kill Switch Status /dev/rfkill Watch.
[[0;32m  OK  [0m[   58.728445] ] Started Initial cloud-init job (pre-networking).
cloud-init[432]: Cloud-init v. 18.2 running 'init-local' at Tue, 29 May 2018 12:00:15 +0000. Up 57.51 seconds.
[[0;32m  OK  [0m] Reached target Network (Pre).
[[0m[0;31m*     [0m] (1 of 2) A start job is running for...font and keymap (28s / no limit)[K[[0;1;31m*[0m[0;31m*    [0m] (1 of 2) A start job is running for...font and keymap (32s / no limit)[K[[0;31m*[0;1;31m*[0m[0;31m*   [0m] (1 of 2) A start job is running for...font and keymap (34s / no limit)[K[[0;32m  OK  [0m] Started Set console font and keymap.
[[0;32m  OK  [0m] Created slice system-getty.slice.
[[0;32m  OK  [0m] Started LSB: AppArmor initialization.
         Starting Raise network interfaces...
[[0;32m  OK  [0m] Started Raise network interfaces.
[[0;32m  OK  [0m] Reached target Network.
         Starting Initial cloud-init job (metadata service crawler)...
[   93.224822] cloud-init[942]: Cloud-init v. 18.2 running 'init' at Tue, 29 May 2018 12:00:47 +0000. Up 89.48 seconds.
[   93.310355] cloud-init[942]: ci-info: ++++++++++++++++++++++++++++++++++++++Net device info++++++++++++++++++++++++++++++++++++++
[[0;32m  OK  [0m] Started Initial cloud-init job (metadata service crawler).
[   93.393005] [[0;32m  OK  [0m] Reached target Cloud-config availability.
[[0;32m  OK  [0m] Reached target System Initialization.
[[0;32m  OK  [0m] Listening on D-Bus System Message Bus Socket.
[[0;32m  OK  [0m] Listening on ACPID Listen Socket.
         Starting Socket activation for snappy daemon.
cloud-init         Starting LXD - unix socket.
[[0;32m  OK  [0m] Started Daily Cleanup of Temporary Directories.
[[0;32m  OK  [0m] Started Daily apt download activities.
[[0;32m  OK  [0m] Listening on UUID daemon activation socket.
[[0;32m  OK  [0m] Started Daily apt upgrade and clean activities.
[[0;32m  OK  [0m] Reached target Timers.
[[0;32m  OK  [0m] Started ACPI Events Check.
[[0;32m  OK  [0m] Reached target Paths.
[[0;32m  OK  [0m] Reached target Network is Online.
[942]: ci-info: +--------+-------+----------------------------+---------------+-------+-------------------+
[   93.806451] cloud-init[942]: ci-info: | Device |   Up  |          Address           |      Mask     | Scope |     Hw-Address    |
[   93.906641] cloud-init[942]: ci-info: +--------+-------+----------------------------+---------------+-------+-------------------+
         Starting iSCSI initiator daemon (iscsid)...
[   93.983880] cloud-init[[0;32m  OK  [0m] Listening on Socket activation for snappy daemon.
[[0;32m  OK  [0m] Listening on LXD - unix socket.
[942]: ci-info: | enp0s3 |  True |         10.0.2.15          | 255.255.255.0 |   .   | 02:c5:21:46:7d:cc |
[   94.125546] [[0;32m  OK  [0m] Reached target Sockets.
[[0;32m  OK  [0m] Reached target Basic System.
         Starting Login Service...
         Starting Virtualbox guest utils...
         cloud-init[942]: ci-info: | enp0s3 |  True | fe80::c5:21ff:fe46:7dcc/64 |       .       |  link | 02:c5:21:46:7d:cc |
[   94.238005] cloud-init[942]: ci-info: | enp0s8 | False |             .              |       .       |   .   | 08:00:27:23:42:6a |
[   94.238136] cloud-init[942]: ci-info: |   lo   |  True |         127.0.0.1          |   255.0.0.0   |   .   |         .         |
Starting LXD - container startup/shutdown...
         Starting Apply the settings specified in cloud-config...
[   94.238253] cloud-init[942]: ci-info: |   lo   |  True |          ::1/128           |       .       |  host |         .         |
[   94.507356] [[0;32m  OK  [0mcloud-init] Started ACPI event daemon.
[942]: ci-info: +--------+-------+----------------------------+---------------+-------+-------------------+
         Starting /etc/rc.local Compatibility...
[[   94.597663] cloud-init[942]: ci-info: +++++++++++++++++++++++++++Route IPv4 info++++++++++++++++++++++++++++
[   94.631333] cloud-init[942]: ci-info: +-------+-------------+----------+---------------+-----------+-------+
[   94.631440] cloud-init[942]: ci-info: | Route | Destination | Gateway  |    Genmask    | Interface | Flags |
[   94.631538] cloud-init[942]: ci-info: +-------+-------------+----------+---------------+-----------+-------+
[0;32m  OK  [0m[   94.631627] ] Started FUSE filesystem for LXC.
cloud-init[942]: ci-info: |   0   |   0.0.0.0   | 10.0.2.2 |    0.0.0.0    |   enp0s3  |   UG  |
[[0;32m  OK  [0m[   94.871738] ] Started Regular background program processing daemon.cloud-init
[942]: ci-info: |   1   |   10.0.2.0  | 0.0.0.0  | 255.255.255.0 |   enp0s3  |   U   |
[   94.999452]          Starting System Logging Service...cloud-init
[[942]: [0;32m  OK  [0mci-info: +-------+-------------+----------+---------------+-----------+-------+] 
Started D-Bus System Message Bus.
[   95.158459] cloud-init[942]: Generating public/private rsa key pair.
[   95.206092] cloud-init[942]: Your identification has been saved in /etc/ssh/ssh_host_rsa_key.
[   95.257778] cloud-init[942]: Your public key has been saved in /etc/ssh/ssh_host_rsa_key.pub.
[   95.319697] cloud-init[942]: The key fingerprint is:
[   95.370498] cloud-init[942]: SHA256:e7dbfGCFt98Ftvw6j594TaNRcz9VKdF1Uf4z4YwnOzQ root@ubuntu-xenial
[   95.424872] cloud-init[942]: The key's randomart image is:
[   95.465497] cloud-init[942]: +---[RSA 2048]----+
[   95.517372] cloud-init[942]: |             .o.O|
[   95.570111] cloud-init[942]: |             . =o|
[   95.609447] cloud-init[942]: |              =.=|
[   95.647622] cloud-init[942]: |             o+B*|
[   95.693684] cloud-init[942]: |        S    E*BB|
[   95.730015] cloud-init[942]: |         .  .+==O|
[   95.777940] cloud-init[942]: |        . . .o=.O|
[   95.818520] cloud-init[942]: |         . . ++=o|
[   95.868754] cloud-init[942]: |            oo+=o|
[   95.907483] cloud-init[942]: +----[SHA256]-----+
[   95.971654] cloud-init[942]: Generating public/private dsa key pair.
[   96.026695] cloud-init[942]: Your identification has been saved in /etc/ssh/ssh_host_dsa_key.
[   96.089672] cloud-init[942]: Your public key has been saved in /etc/ssh/ssh_host_dsa_key.pub.
[[0;32m  OK  [0m] Started Deferred execution scheduler.[   96.157263] 
cloud-init[942]: The key fingerprint is:
         Starting Snappy daemon...
         [   96.274168] cloud-init[942]: SHA256:al0BueBq/vBkHwjN7qixCJbox2H9SAwrhUBajsnQDcc root@ubuntu-xenial
Starting LSB: MD monitoring daemon...[   96.320278] cloud-init
         Starting LSB: Record successful boot for GRUB...
[[0;32m  OK  [0m] Started Unattended Upgrades Shutdown.
[942]: The key's randomart image is:
         Starting Pollinate to seed the pseudo random number generator...
         [   96.512701] cloud-init[942]: +---[DSA 1024]----+
Starting Accounts Service...[   96.586724] cloud-init
[[0;32m  OK  [0m] Started System Logging Service.
[942]: [[0;32m  OK  [0m] Started iSCSI initiator daemon (iscsid).
[[0;32m  OK  [0m] Started /etc/rc.local Compatibility.
|ooo+.   ..       |
[   96.788498] cloud-init[942]: |==..E . ..       |
[   96.866886] cloud-init[942]: |=.o  . . ..      |
         Starting Login to default iSCSI targets...
[[0;32m  OK  [0m] Started Login Service.
[   97.078757] cloud-init[942]: | . o o. .  .     |
[   97.190552] cloud-init[942]: |  . *.o S .      |
[   97.300175] cloud-init[942]: |...+o* + .       |
[   97.434911] cloud-init[942]: |oo=o+ X o        |
[   97.568717] cloud-init[942]: |+. =.X o .       |
[   97.665185] cloud-init[942]: |..+...+ .        |
[[0;32m  OK  [0m] Started LSB: MD monitoring daemon.
[   97.758324] cloud-init[942]: +----[SHA256]-----+
[   97.844362] cloud-init[942]: Generating public/private ecdsa key pair.
[   97.914866] [[0;32m  OK  [0m] Started Login to default iSCSI targets.
[[0;32m  OK  [0m] Reached target Remote File Systems (Pre).
[[0;32m  OK  [0m] Reached target Remote File Systems.
cloud-init[942]: Your identification has been saved in /etc/ssh/ssh_host_ecdsa_key.
         Starting Permit User Sessions...[   98.058535] 
         cloud-initStarting LSB: daemon to balance interrupts for SMP systems...[942]: Your public key has been saved in /etc/ssh/ssh_host_ecdsa_key.pub.
[   98.150276] 
cloud-init         Starting LSB: automatic crash report generation...
[942]: The key fingerprint is:
         Starting LSB: Set the CPU Frequency Scaling governor to "ondemand"...
[[0;32m  OK  [0m] Started LSB: Record successful boot for GRUB.
[[0;32m  OK  [0m] Started Permit User Sessions.
[   98.334336] cloud-init[942]: SHA256:BnRDThNqtQdrJyHhTDIt5rGefLDZjaRSmj34mXEBgWc root@ubuntu-xenial         Starting Terminate Plymouth Boot Screen...

[   98.629752] cloud-init[942]: The key's randomart image is:
         Starting Hold until boot process finishes up...
[   98.672908] cloud-init[942]: +---[ECDSA 256]---+
[   98.861503] cloud-init[942]: |   .+o=o@.       |
[   98.918293] cloud-init[942]: |  . EB.B B       |
[[0;32m  OK  [0m] Started Terminate Plymouth Boot Screen.
[   98.973119] [[0;32m  OK  [0m] Started Hold until boot process finishes up.
[[0;32m  OK  [0m] Started LSB: daemon to balance interrupts for SMP systems.
cloud-init[[0;32m  OK  [0m] Started Serial Getty on ttyS0.
         Starting Set console scheme...
[[0;32m  OK  [0m] Started Getty on tty1.
[[0;32m  OK  [0m] Reached target Login Prompts.
[[0;32m  OK  [0m] Started LSB: Set the CPU Frequency Scaling governor to "ondemand".
[942]: |   = =* * o      |
[[0;32m  OK  [0m] Started LSB: automatic crash report generation.
[   99.346451] cloud-init[942]: |    =.oo +       |
[[0;32m  OK  [0m] Started Set console scheme.
[   99.461445] cloud-init[942]: |   O O +S        |
[   99.554065] cloud-init[942]: |  = @ =..        |
[   99.623073] cloud-init[942]: |   o B           |
         Starting Authenticate and Authorize Users to Run Privileged Tasks...
[   99.742536] cloud-init[942]: |    +            |
[   99.909910] cloud-init[942]: |                 |
[  100.007312] cloud-init[942]: +----[SHA256]-----+
[[0;32m  OK  [0m] Started Virtualbox guest utils.
[  100.213844] cloud-init[942]: Generating public/private ed25519 key pair.
[  100.305317] [[0;32m  OK  [0m] Started Authenticate and Authorize Users to Run Privileged Tasks.
cloud-init[942]: Your identification has been saved in /etc/ssh/ssh_host_ed25519_key.
[[0;32m  OK  [0m] Started Accounts Service.
[  100.421328] cloud-init[942]: Your public key has been saved in /etc/ssh/ssh_host_ed25519_key.pub.
[  100.525446] cloud-init[942]: The key fingerprint is:
[  100.603803] cloud-init[942]: SHA256:+MWcuKHj5DwowunWjdVgLdKv6fS2b1BXAVlscW0QheY root@ubuntu-xenial
[[0;32m  OK  [0m] Started LXD - container startup/shutdown.[  100.699194] 
cloud-init[942]: The key's randomart image is:
[  100.802337] cloud-init[942]: +--[ED25519 256]--+
[  100.888444] cloud-init[942]: |           .=+=*o|
[  100.969854] cloud-init[942]: |           . ++ o|
[  101.044728] cloud-init[942]: |    . .     oo . |
[  101.119650] cloud-init[942]: |   . = o = o  E  |
[  101.218633] cloud-init[942]: |    o * S *      |
[  101.291844] cloud-init[942]: |     . * +       |
[  101.369280] cloud-init[942]: |. o +o* +        |
[  101.453867] cloud-init[942]: |.+.ooOoo .       |
[  101.532063] cloud-init[942]: |oo ...=++.       |
[  101.611268] cloud-init[942]: +----[SHA256]-----+
[  101.745144] cloud-init[1048]: Generating locales (this might take a while)...
[[0;32m  OK  [0m] Started Snappy daemon.
[[0;32m  OK  [0m] Started Pollinate to seed the pseudo random number generator.
         Starting OpenBSD Secure Shell server...
[[0;32m  OK  [0m] Started OpenBSD Secure Shell server.
[[0;32m  OK  [0m] Reached target Multi-User System.
[[0;32m  OK  [0m] Reached target Graphical Interface.
         Starting Update UTMP about System Runlevel Changes...
[[0;32m  OK  [0m] Started Update UTMP about System Runlevel Changes.
[  105.346967] cloud-init[1048]:   en_US.UTF-8... done
[  105.420555] cloud-init[1048]: Generation complete.

Ubuntu 16.04.4 LTS ubuntu-xenial ttyS0

ubuntu-xenial login: [  108.478691] cloud-init[1048]: Cloud-init v. 18.2 running 'modules:config' at Tue, 29 May 2018 12:00:55 +0000. Up 97.20 seconds.
ci-info: no authorized ssh keys fingerprints found for user ubuntu.
<14>May 29 12:01:08 ec2: 
<14>May 29 12:01:08 ec2: #############################################################
<14>May 29 12:01:08 ec2: -----BEGIN SSH HOST KEY FINGERPRINTS-----
<14>May 29 12:01:08 ec2: 1024 SHA256:al0BueBq/vBkHwjN7qixCJbox2H9SAwrhUBajsnQDcc root@ubuntu-xenial (DSA)
<14>May 29 12:01:08 ec2: 256 SHA256:BnRDThNqtQdrJyHhTDIt5rGefLDZjaRSmj34mXEBgWc root@ubuntu-xenial (ECDSA)
<14>May 29 12:01:08 ec2: 256 SHA256:+MWcuKHj5DwowunWjdVgLdKv6fS2b1BXAVlscW0QheY root@ubuntu-xenial (ED25519)
<14>May 29 12:01:08 ec2: 2048 SHA256:e7dbfGCFt98Ftvw6j594TaNRcz9VKdF1Uf4z4YwnOzQ root@ubuntu-xenial (RSA)
<14>May 29 12:01:08 ec2: -----END SSH HOST KEY FINGERPRINTS-----
<14>May 29 12:01:08 ec2: #############################################################
-----BEGIN SSH HOST KEY KEYS-----
ecdsa-sha2-nistp256 AAAAE2VjZHNhLXNoYTItbmlzdHAyNTYAAAAIbmlzdHAyNTYAAABBBCmi1RDWVr0jB6JpMbUPviIKvz6jOx4M/TCcnaoPzP7/XsH6pbtbQKKVZJBrw674BUMyzgLqqDDKSKyQOwW1CWQ= root@ubuntu-xenial
ssh-ed25519 AAAAC3NzaC1lZDI1NTE5AAAAICbUP7CH+v2fUF0IRU7p62PunR9VEujcc69i0MOwm+YF root@ubuntu-xenial
ssh-rsa AAAAB3NzaC1yc2EAAAADAQABAAABAQDsA8uJDU2CaZ22BMXkf9pWejYu7aypL41dggcnuPMI3FE40UUWcDxytyQETzv7U7m5Rotu1fAd9ifK9k7O9iE7EkUvgJc7g2iBMtaPQ0H/7fH6ARLJjHjuib5f0IfviaLDRjCDnKel1nnRyhlBta5U7uR4iDcBawBFLJan6JqdfuQVUMqhPhWc9vGvNu0+7eD8rqw+S2I9l06xRrpJU1tBRL3PmZvpqu1owOlv+b1+6cphSMzaI+m94Aj+p5edwY8c4ZK9q30JL4GYysDlWNrLgwcXCjVkOEp3/6avMuZzLY2+cBaTIWOlHHLKcQ1C+07FvbO/b/LHrKhh6U6NDgdT root@ubuntu-xenial
-----END SSH HOST KEY KEYS-----
[  110.423153] cloud-init[1421]: Cloud-init v. 18.2 running 'modules:final' at Tue, 29 May 2018 12:01:07 +0000. Up 109.64 seconds.
[  110.521654] cloud-init[1421]: ci-info: no authorized ssh keys fingerprints found for user ubuntu.
[  110.533501] cloud-init[1421]: Cloud-init v. 18.2 finished at Tue, 29 May 2018 12:01:08 +0000. Datasource DataSourceNoCloud [seed=/dev/sdb][dsmode=net].  Up 110.40 seconds
         Stopping ACPI event[[0;32m  OK  [0m] Stopped target Timers.
         Stopping Session 5 of user vagrant.
         Stopping User Manager for UID 1000...
         Stopping Session 2 of user vagrant.
[[0;32m  OK  [0m] Stopped target Cloud-init target.
[[0;32m  OK  [0m] Stopped Execute cloud user/final scripts.
         Stopping Authenticate and Authorize Users to Run Privileged Tasks...
         Stopping ACPI event daemon...
[[0;32m  OK  [0m] Closed Load/Save RF Kill Switch Status /dev/rfkill Watch.
[[0;32m  OK  [0m] Stopped Daily Cleanup of Temporary Directories.
[[0;32m  OK  [0m] Stopped Daily apt upgrade and clean activities.
[[0;32m  OK  [0m] Stopped Apply the settings specified in cloud-config.
[[0;32m  OK  [0m] Stopped target Cloud-config availability.
[[0;32m  OK  [0m] Stopped target Graphical Interface.
         Stopping Accounts Service...
[[0;32m  OK  [0m] Stopped target Multi-User System.
         Stopping OpenBSD Secure Shell server...
         Stopping LSB: Record successful boot for GRUB...
         Stopping D-Bus System Message Bus...
         Stopping LSB: MD monitoring daemon...
         Stopping Unattended Upgrades Shutdown...
         Stopping LSB: automatic crash report generation...
         Stopping LSB: Set the CPU Frequency Scaling governor to "ondemand"...
         Stopping System Logging Service...
         Stopping LXD - container startup/shutdown...
         Stopping FUSE filesystem for LXC...
[[0;32m  OK  [0m] Stopped target Login Prompts.
         Stopping Getty on tty1...
         Stopping Serial Getty on ttyS0...
         Stopping Deferred execution scheduler...
         Stopping Regular background program processing daemon...
         Stopping Snappy daemon...
[[0;32m  OK  [0m] Stopped Daily apt download activities.
[[0;32m  OK  [0m] Stopped target System Time Synchronized.
         Stopping LSB: daemon to balance interrupts for SMP systems...
         Stopping Virtualbox guest utils...
[[0;32m  OK  [0m] Unmounted /var/lib/lxcfs.
[[0;32m  OK  [0m] Stopped System Logging Service.
[[0;32m  OK  [0m] Stopped Snappy daemon.
[[0;32m  OK  [0m] Stopped ACPI event daemon.
[[0;32m  OK  [0m] Stopped Accounts Service.
[[0;32m  OK  [0m] Stopped Deferred execution scheduler.
[[0;32m  OK  [0m] Stopped Regular background program processing daemon.
[[0;32m  OK  [0m] Stopped Authenticate and Authorize Users to Run Privileged Tasks.
[[0;32m  OK  [0m] Stopped Serial Getty on ttyS0.
[[0;32m  OK  [0m] Stopped Getty on tty1.
[[0;32m  OK  [0m] Stopped OpenBSD Secure Shell server.
[[0;32m  OK  [0m] Stopped User Manager for UID 1000.
[[0;32m  OK  [0m] Stopped Session 2 of user vagrant.
[[0;32m  OK  [0m] Stopped Session 5 of user vagrant.
[[0;32m  OK  [0m] Stopped D-Bus System Message Bus.
[[0;32m  OK  [0m] Stopped Unattended Upgrades Shutdown.
[[0;32m  OK  [0m] Stopped FUSE filesystem for LXC.
[[0;32m  OK  [0m] Stopped LSB: MD monitoring daemon.
[[0;32m  OK  [0m] Stopped LSB: automatic crash report generation.
[[0;32m  OK  [0m] Stopped LXD - container startup/shutdown.
[[0;32m  OK  [0m] Stopped LSB: Record successful boot for GRUB.
[[0;32m  OK  [0m] Stopped LSB: Set the CPU Frequency Scaling governor to "ondemand".
[[0;32m  OK  [0m] Stopped LSB: daemon to balance interrupts for SMP systems.
[[0;32m  OK  [0m] Stopped Virtualbox guest utils.
[[0;32m  OK  [0m] Removed slice User Slice of vagrant.
         Stopping Login Service...
[[0;32m  OK  [0m] Removed slice system-getty.slice.
[[0;32m  OK  [0m] Removed slice system-serial\x2dgetty.slice.
[[0;32m  OK  [0m] Stopped /etc/rc.local Compatibility.
         Stopping Permit User Sessions...
[[0;32m  OK  [0m] Stopped Login Service.
[[0;32m  OK  [0m] Stopped Permit User Sessions.
[[0;32m  OK  [0m] Stopped target Remote File Systems.
[[0;32m  OK  [0m] Stopped target Remote File Systems (Pre).
         Stopping Login to default iSCSI targets...
[[0;32m  OK  [0m] Stopped target User and Group Name Lookups.
[[0;32m  OK  [0m] Stopped target Basic System.
[[0;32m  OK  [0m] Stopped target Paths.
[[0;32m  OK  [0m] Stopped ACPI Events Check.
[[0;32m  OK  [0m] Stopped Forward Password Requests to Wall Directory Watch.
[[0;32m  OK  [0m] Stopped Dispatch Password Requests to Console Directory Watch.
[[0;32m  OK  [0m] Stopped target Slices.
[[0;32m  OK  [0m] Removed slice User and Session Slice.
[[0;32m  OK  [0m] Stopped target Sockets.
[[0;32m  OK  [0m] Closed LXD - unix socket.
[[0;32m  OK  [0m] Closed ACPID Listen Socket.
[[0;32m  OK  [0m] Closed Socket activation for snappy daemon.
[[0;32m  OK  [0m] Closed UUID daemon activation socket.
[[0;32m  OK  [0m] Closed Syslog Socket.
[[0;32m  OK  [0m] Closed D-Bus System Message Bus Socket.
[[0;32m  OK  [0m] Stopped target System Initialization.
[[0;32m  OK  [0m] Stopped target Swap.
         Stopping Load/Save Random Seed...
[[0;32m  OK  [0m] Stopped target Encrypted Volumes.
         Stopping Update UTMP about System Boot/Shutdown...
[[0;32m  OK  [0m] Stopped Commit a transient machine-id on disk.
[[0;32m  OK  [0m] Stopped Load/Save Random Seed.
[[0;32m  OK  [0m] Stopped Login to default iSCSI targets.
[[0;32m  OK  [0m] Stopped Update UTMP about System Boot/Shutdown.
[[0;32m  OK  [0m] Stopped Create Volatile Files and Directories.
         Stopping iSCSI initiator daemon (iscsid)...
[[0;32m  OK  [0m] Stopped iSCSI initiator daemon (iscsid).
[[0;32m  OK  [0m] Stopped target Network is Online.
[[0;32m  OK  [0m] Stopped target Network.
[[0;32m  OK  [0m] Stopped Initial cloud-init job (metadata service crawler).
         Stopping Raise network interfaces...
[[0;32m  OK  [0m] Stopped Raise network interfaces.
[[0;32m  OK  [0m] Stopped Apply Kernel Variables.
[[0;32m  OK  [0m] Stopped target Network (Pre).
[[0;32m  OK  [0m] Stopped Initial cloud-init job (pre-networking).
[[0;32m  OK  [0m] Stopped target Local File Systems.
         Unmounting /vagrant...
         Unmounting /run/user/1000...
[[0;32m  OK  [0m] Stopped Load Kernel Modules.
[[0;32m  OK  [0m] Unmounted /vagrant.
[[0;32m  OK  [0m] Unmounted /run/user/1000.
[[0;32m  OK  [0m] Reached target Unmount All Filesystems.
[[0;32m  OK  [0m] Stopped target Local File Systems (Pre).
         Stopping Monitoring of LVM2 mirrors... dmeventd or progress polling...
[[0;32m  OK  [0m] Stopped Remount Root and Kernel File Systems.
[[0;32m  OK  [0m] Stopped Create Static Device Nodes in /dev.
[[0;32m  OK  [0m] Reached target Shutdown.
[ 2494.418274] reboot: Power down
